{"/Users/chetachiihekwaba/Desktop/SubRadar/src/background/alarms.ts": {"path":"/Users/chetachiihekwaba/Desktop/SubRadar/src/background/alarms.ts","statementMap":{"0":{"start":{"line":3,"column":26},"end":{"line":3,"column":null}},"1":{"start":{"line":6,"column":2},"end":{"line":11,"column":null}},"2":{"start":{"line":7,"column":4},"end":{"line":9,"column":null}},"3":{"start":{"line":8,"column":6},"end":{"line":8,"column":null}},"4":{"start":{"line":9,"column":6},"end":{"line":9,"column":null}},"5":{"start":{"line":15,"column":2},"end":{"line":16,"column":null}},"6":{"start":{"line":16,"column":4},"end":{"line":16,"column":null}}},"fnMap":{"0":{"name":"setupDailyAlarm","decl":{"start":{"line":5,"column":16},"end":{"line":5,"column":40}},"loc":{"start":{"line":5,"column":40},"end":{"line":11,"column":null}},"line":5},"1":{"name":"(anonymous_1)","decl":{"start":{"line":6,"column":20},"end":{"line":6,"column":33}},"loc":{"start":{"line":6,"column":46},"end":{"line":11,"column":null}},"line":6},"2":{"name":"handleAlarm","decl":{"start":{"line":14,"column":16},"end":{"line":14,"column":28}},"loc":{"start":{"line":14,"column":62},"end":{"line":16,"column":null}},"line":14}},"branchMap":{"0":{"loc":{"start":{"line":7,"column":4},"end":{"line":9,"column":null}},"type":"if","locations":[{"start":{"line":7,"column":4},"end":{"line":9,"column":null}},{"start":{},"end":{}}],"line":7},"1":{"loc":{"start":{"line":15,"column":2},"end":{"line":16,"column":null}},"type":"if","locations":[{"start":{"line":15,"column":2},"end":{"line":16,"column":null}},{"start":{},"end":{}}],"line":15}},"s":{"0":1,"1":2,"2":2,"3":1,"4":1,"5":2,"6":1},"f":{"0":2,"1":2,"2":2},"b":{"0":[1,1],"1":[1,1]},"meta":{"lastBranch":2,"lastFunction":3,"lastStatement":7,"seen":{"s:3:26:3:Infinity":0,"f:5:16:5:40":0,"s:6:2:11:Infinity":1,"f:6:20:6:33":1,"b:7:4:9:Infinity:undefined:undefined:undefined:undefined":0,"s:7:4:9:Infinity":2,"s:8:6:8:Infinity":3,"s:9:6:9:Infinity":4,"f:14:16:14:28":2,"b:15:2:16:Infinity:undefined:undefined:undefined:undefined":1,"s:15:2:16:Infinity":5,"s:16:4:16:Infinity":6}}}
,"/Users/chetachiihekwaba/Desktop/SubRadar/src/background/index.ts": {"path":"/Users/chetachiihekwaba/Desktop/SubRadar/src/background/index.ts","statementMap":{"0":{"start":{"line":6,"column":0},"end":{"line":6,"column":null}},"1":{"start":{"line":9,"column":0},"end":{"line":9,"column":null}},"2":{"start":{"line":12,"column":0},"end":{"line":12,"column":null}},"3":{"start":{"line":15,"column":0},"end":{"line":19,"column":null}},"4":{"start":{"line":16,"column":2},"end":{"line":16,"column":null}},"5":{"start":{"line":17,"column":2},"end":{"line":17,"column":null}},"6":{"start":{"line":18,"column":2},"end":{"line":18,"column":null}},"7":{"start":{"line":22,"column":0},"end":{"line":24,"column":null}},"8":{"start":{"line":23,"column":2},"end":{"line":23,"column":null}}},"fnMap":{"0":{"name":"(anonymous_0)","decl":{"start":{"line":15,"column":27},"end":{"line":15,"column":45}},"loc":{"start":{"line":15,"column":45},"end":{"line":19,"column":null}},"line":15},"1":{"name":"(anonymous_1)","decl":{"start":{"line":22,"column":25},"end":{"line":22,"column":43}},"loc":{"start":{"line":22,"column":43},"end":{"line":24,"column":null}},"line":22}},"branchMap":{},"s":{"0":0,"1":0,"2":0,"3":0,"4":0,"5":0,"6":0,"7":0,"8":0},"f":{"0":0,"1":0},"b":{},"meta":{"lastBranch":0,"lastFunction":2,"lastStatement":9,"seen":{"s:6:0:6:Infinity":0,"s:9:0:9:Infinity":1,"s:12:0:12:Infinity":2,"s:15:0:19:Infinity":3,"f:15:27:15:45":0,"s:16:2:16:Infinity":4,"s:17:2:17:Infinity":5,"s:18:2:18:Infinity":6,"s:22:0:24:Infinity":7,"f:22:25:22:43":1,"s:23:2:23:Infinity":8}}}
,"/Users/chetachiihekwaba/Desktop/SubRadar/src/background/messageRouter.ts": {"path":"/Users/chetachiihekwaba/Desktop/SubRadar/src/background/messageRouter.ts","statementMap":{"0":{"start":{"line":12,"column":2},"end":{"line":18,"column":null}},"1":{"start":{"line":13,"column":4},"end":{"line":16,"column":null}},"2":{"start":{"line":14,"column":6},"end":{"line":14,"column":null}},"3":{"start":{"line":15,"column":6},"end":{"line":15,"column":null}},"4":{"start":{"line":17,"column":4},"end":{"line":17,"column":null}},"5":{"start":{"line":22,"column":16},"end":{"line":22,"column":38}},"6":{"start":{"line":24,"column":2},"end":{"line":61,"column":null}},"7":{"start":{"line":26,"column":21},"end":{"line":26,"column":null}},"8":{"start":{"line":27,"column":6},"end":{"line":27,"column":null}},"9":{"start":{"line":28,"column":6},"end":{"line":28,"column":null}},"10":{"start":{"line":32,"column":20},"end":{"line":32,"column":null}},"11":{"start":{"line":33,"column":18},"end":{"line":33,"column":76}},"12":{"start":{"line":34,"column":6},"end":{"line":34,"column":null}},"13":{"start":{"line":38,"column":28},"end":{"line":38,"column":null}},"14":{"start":{"line":39,"column":18},"end":{"line":39,"column":80}},"15":{"start":{"line":40,"column":6},"end":{"line":40,"column":null}},"16":{"start":{"line":44,"column":6},"end":{"line":44,"column":null}},"17":{"start":{"line":45,"column":6},"end":{"line":45,"column":null}},"18":{"start":{"line":49,"column":28},"end":{"line":49,"column":null}},"19":{"start":{"line":50,"column":18},"end":{"line":50,"column":64}},"20":{"start":{"line":51,"column":6},"end":{"line":51,"column":null}},"21":{"start":{"line":55,"column":21},"end":{"line":55,"column":null}},"22":{"start":{"line":56,"column":18},"end":{"line":56,"column":59}},"23":{"start":{"line":57,"column":6},"end":{"line":57,"column":null}},"24":{"start":{"line":61,"column":6},"end":{"line":61,"column":null}}},"fnMap":{"0":{"name":"registerMessageRouter","decl":{"start":{"line":11,"column":16},"end":{"line":11,"column":46}},"loc":{"start":{"line":11,"column":46},"end":{"line":18,"column":null}},"line":11},"1":{"name":"(anonymous_1)","decl":{"start":{"line":12,"column":27},"end":{"line":12,"column":40}},"loc":{"start":{"line":12,"column":84},"end":{"line":18,"column":null}},"line":12},"2":{"name":"(anonymous_2)","decl":{"start":{"line":13,"column":46},"end":{"line":13,"column":53}},"loc":{"start":{"line":13,"column":61},"end":{"line":16,"column":null}},"line":13},"3":{"name":"handleMessage","decl":{"start":{"line":21,"column":15},"end":{"line":21,"column":29}},"loc":{"start":{"line":21,"column":65},"end":{"line":61,"column":null}},"line":21}},"branchMap":{"0":{"loc":{"start":{"line":24,"column":2},"end":{"line":61,"column":null}},"type":"switch","locations":[{"start":{"line":25,"column":4},"end":{"line":28,"column":null}},{"start":{"line":31,"column":4},"end":{"line":34,"column":null}},{"start":{"line":37,"column":4},"end":{"line":40,"column":null}},{"start":{"line":43,"column":4},"end":{"line":45,"column":null}},{"start":{"line":48,"column":4},"end":{"line":51,"column":null}},{"start":{"line":54,"column":4},"end":{"line":57,"column":null}},{"start":{"line":60,"column":4},"end":{"line":61,"column":null}}],"line":24}},"s":{"0":7,"1":7,"2":0,"3":0,"4":7,"5":7,"6":7,"7":1,"8":1,"9":1,"10":1,"11":1,"12":1,"13":1,"14":1,"15":1,"16":1,"17":1,"18":1,"19":1,"20":1,"21":1,"22":1,"23":1,"24":1},"f":{"0":7,"1":7,"2":0,"3":7},"b":{"0":[1,1,1,1,1,1,1]},"meta":{"lastBranch":1,"lastFunction":4,"lastStatement":25,"seen":{"f:11:16:11:46":0,"s:12:2:18:Infinity":0,"f:12:27:12:40":1,"s:13:4:16:Infinity":1,"f:13:46:13:53":2,"s:14:6:14:Infinity":2,"s:15:6:15:Infinity":3,"s:17:4:17:Infinity":4,"f:21:15:21:29":3,"s:22:16:22:38":5,"b:25:4:28:Infinity:31:4:34:Infinity:37:4:40:Infinity:43:4:45:Infinity:48:4:51:Infinity:54:4:57:Infinity:60:4:61:Infinity":0,"s:24:2:61:Infinity":6,"s:26:21:26:Infinity":7,"s:27:6:27:Infinity":8,"s:28:6:28:Infinity":9,"s:32:20:32:Infinity":10,"s:33:18:33:76":11,"s:34:6:34:Infinity":12,"s:38:28:38:Infinity":13,"s:39:18:39:80":14,"s:40:6:40:Infinity":15,"s:44:6:44:Infinity":16,"s:45:6:45:Infinity":17,"s:49:28:49:Infinity":18,"s:50:18:50:64":19,"s:51:6:51:Infinity":20,"s:55:21:55:Infinity":21,"s:56:18:56:59":22,"s:57:6:57:Infinity":23,"s:61:6:61:Infinity":24}}}
,"/Users/chetachiihekwaba/Desktop/SubRadar/src/background/notifications.ts": {"path":"/Users/chetachiihekwaba/Desktop/SubRadar/src/background/notifications.ts","statementMap":{"0":{"start":{"line":9,"column":28},"end":{"line":13,"column":null}},"1":{"start":{"line":18,"column":18},"end":{"line":18,"column":null}},"2":{"start":{"line":19,"column":2},"end":{"line":30,"column":null}},"3":{"start":{"line":34,"column":18},"end":{"line":34,"column":47}},"4":{"start":{"line":35,"column":2},"end":{"line":35,"column":null}},"5":{"start":{"line":39,"column":33},"end":{"line":39,"column":91}},"6":{"start":{"line":40,"column":8},"end":{"line":40,"column":52}},"7":{"start":{"line":42,"column":2},"end":{"line":44,"column":null}},"8":{"start":{"line":43,"column":4},"end":{"line":43,"column":null}},"9":{"start":{"line":44,"column":4},"end":{"line":44,"column":null}},"10":{"start":{"line":47,"column":2},"end":{"line":49,"column":null}},"11":{"start":{"line":56,"column":16},"end":{"line":56,"column":48}},"12":{"start":{"line":58,"column":2},"end":{"line":70,"column":null}},"13":{"start":{"line":59,"column":17},"end":{"line":59,"column":42}},"14":{"start":{"line":60,"column":16},"end":{"line":60,"column":48}},"15":{"start":{"line":60,"column":33},"end":{"line":60,"column":48}},"16":{"start":{"line":61,"column":4},"end":{"line":62,"column":null}},"17":{"start":{"line":62,"column":6},"end":{"line":62,"column":null}},"18":{"start":{"line":64,"column":13},"end":{"line":70,"column":null}},"19":{"start":{"line":65,"column":10},"end":{"line":65,"column":43}},"20":{"start":{"line":66,"column":4},"end":{"line":66,"column":null}},"21":{"start":{"line":67,"column":13},"end":{"line":70,"column":null}},"22":{"start":{"line":68,"column":18},"end":{"line":68,"column":40}},"23":{"start":{"line":69,"column":4},"end":{"line":69,"column":null}},"24":{"start":{"line":70,"column":4},"end":{"line":70,"column":null}},"25":{"start":{"line":73,"column":2},"end":{"line":73,"column":null}}},"fnMap":{"0":{"name":"buildNotificationOptions","decl":{"start":{"line":15,"column":16},"end":{"line":15,"column":null}},"loc":{"start":{"line":17,"column":50},"end":{"line":30,"column":null}},"line":17},"1":{"name":"dispatchReminderNotification","decl":{"start":{"line":33,"column":16},"end":{"line":33,"column":45}},"loc":{"start":{"line":33,"column":70},"end":{"line":35,"column":null}},"line":33},"2":{"name":"runScan","decl":{"start":{"line":38,"column":22},"end":{"line":38,"column":47}},"loc":{"start":{"line":38,"column":47},"end":{"line":49,"column":null}},"line":38},"3":{"name":"handleNotificationButtonClick","decl":{"start":{"line":52,"column":22},"end":{"line":52,"column":null}},"loc":{"start":{"line":55,"column":17},"end":{"line":73,"column":null}},"line":55},"4":{"name":"(anonymous_4)","decl":{"start":{"line":60,"column":21},"end":{"line":60,"column":27}},"loc":{"start":{"line":60,"column":33},"end":{"line":60,"column":48}},"line":60}},"branchMap":{"0":{"loc":{"start":{"line":18,"column":18},"end":{"line":18,"column":null}},"type":"cond-expr","locations":[{"start":{"line":18,"column":43},"end":{"line":18,"column":92}},{"start":{"line":18,"column":92},"end":{"line":18,"column":null}}],"line":18},"1":{"loc":{"start":{"line":58,"column":2},"end":{"line":70,"column":null}},"type":"if","locations":[{"start":{"line":58,"column":2},"end":{"line":70,"column":null}},{"start":{"line":64,"column":13},"end":{"line":70,"column":null}}],"line":58},"2":{"loc":{"start":{"line":61,"column":4},"end":{"line":62,"column":null}},"type":"if","locations":[{"start":{"line":61,"column":4},"end":{"line":62,"column":null}},{"start":{},"end":{}}],"line":61},"3":{"loc":{"start":{"line":64,"column":13},"end":{"line":70,"column":null}},"type":"if","locations":[{"start":{"line":64,"column":13},"end":{"line":70,"column":null}},{"start":{"line":67,"column":13},"end":{"line":70,"column":null}}],"line":64},"4":{"loc":{"start":{"line":67,"column":13},"end":{"line":70,"column":null}},"type":"if","locations":[{"start":{"line":67,"column":13},"end":{"line":70,"column":null}},{"start":{},"end":{}}],"line":67}},"s":{"0":1,"1":9,"2":9,"3":4,"4":4,"5":4,"6":4,"7":4,"8":3,"9":3,"10":4,"11":4,"12":4,"13":2,"14":2,"15":1,"16":2,"17":1,"18":2,"19":1,"20":1,"21":1,"22":1,"23":1,"24":1,"25":4},"f":{"0":9,"1":4,"2":4,"3":4,"4":1},"b":{"0":[1,8],"1":[2,2],"2":[1,1],"3":[1,1],"4":[1,0]},"meta":{"lastBranch":5,"lastFunction":5,"lastStatement":26,"seen":{"s:9:28:13:Infinity":0,"f:15:16:15:Infinity":0,"s:18:18:18:Infinity":1,"b:18:43:18:92:18:92:18:Infinity":0,"s:19:2:30:Infinity":2,"f:33:16:33:45":1,"s:34:18:34:47":3,"s:35:2:35:Infinity":4,"f:38:22:38:47":2,"s:39:33:39:91":5,"s:40:8:40:52":6,"s:42:2:44:Infinity":7,"s:43:4:43:Infinity":8,"s:44:4:44:Infinity":9,"s:47:2:49:Infinity":10,"f:52:22:52:Infinity":3,"s:56:16:56:48":11,"b:58:2:70:Infinity:64:13:70:Infinity":1,"s:58:2:70:Infinity":12,"s:59:17:59:42":13,"s:60:16:60:48":14,"f:60:21:60:27":4,"s:60:33:60:48":15,"b:61:4:62:Infinity:undefined:undefined:undefined:undefined":2,"s:61:4:62:Infinity":16,"s:62:6:62:Infinity":17,"b:64:13:70:Infinity:67:13:70:Infinity":3,"s:64:13:70:Infinity":18,"s:65:10:65:43":19,"s:66:4:66:Infinity":20,"b:67:13:70:Infinity:undefined:undefined:undefined:undefined":4,"s:67:13:70:Infinity":21,"s:68:18:68:40":22,"s:69:4:69:Infinity":23,"s:70:4:70:Infinity":24,"s:73:2:73:Infinity":25}}}
,"/Users/chetachiihekwaba/Desktop/SubRadar/src/content/classifier.ts": {"path":"/Users/chetachiihekwaba/Desktop/SubRadar/src/content/classifier.ts","statementMap":{"0":{"start":{"line":1,"column":36},"end":{"line":1,"column":null}},"1":{"start":{"line":8,"column":21},"end":{"line":8,"column":null}},"2":{"start":{"line":10,"column":22},"end":{"line":16,"column":null}},"3":{"start":{"line":18,"column":26},"end":{"line":25,"column":null}},"4":{"start":{"line":27,"column":24},"end":{"line":36,"column":null}},"5":{"start":{"line":38,"column":27},"end":{"line":38,"column":null}},"6":{"start":{"line":41,"column":28},"end":{"line":41,"column":30}},"7":{"start":{"line":42,"column":14},"end":{"line":42,"column":null}},"8":{"start":{"line":44,"column":14},"end":{"line":44,"column":null}},"9":{"start":{"line":46,"column":2},"end":{"line":48,"column":null}},"10":{"start":{"line":47,"column":4},"end":{"line":47,"column":null}},"11":{"start":{"line":48,"column":4},"end":{"line":48,"column":null}},"12":{"start":{"line":51,"column":19},"end":{"line":51,"column":null}},"13":{"start":{"line":52,"column":20},"end":{"line":52,"column":null}},"14":{"start":{"line":53,"column":19},"end":{"line":53,"column":null}},"15":{"start":{"line":55,"column":2},"end":{"line":59,"column":null}},"16":{"start":{"line":56,"column":4},"end":{"line":59,"column":null}},"17":{"start":{"line":57,"column":6},"end":{"line":57,"column":null}},"18":{"start":{"line":58,"column":6},"end":{"line":58,"column":null}},"19":{"start":{"line":59,"column":6},"end":{"line":59,"column":null}},"20":{"start":{"line":63,"column":2},"end":{"line":67,"column":null}},"21":{"start":{"line":64,"column":4},"end":{"line":67,"column":null}},"22":{"start":{"line":65,"column":6},"end":{"line":65,"column":null}},"23":{"start":{"line":66,"column":6},"end":{"line":66,"column":null}},"24":{"start":{"line":67,"column":6},"end":{"line":67,"column":null}},"25":{"start":{"line":71,"column":2},"end":{"line":75,"column":null}},"26":{"start":{"line":72,"column":4},"end":{"line":75,"column":null}},"27":{"start":{"line":73,"column":6},"end":{"line":73,"column":null}},"28":{"start":{"line":74,"column":6},"end":{"line":74,"column":null}},"29":{"start":{"line":75,"column":6},"end":{"line":75,"column":null}},"30":{"start":{"line":79,"column":2},"end":{"line":83,"column":null}},"31":{"start":{"line":80,"column":4},"end":{"line":83,"column":null}},"32":{"start":{"line":81,"column":6},"end":{"line":81,"column":null}},"33":{"start":{"line":82,"column":6},"end":{"line":82,"column":null}},"34":{"start":{"line":83,"column":6},"end":{"line":83,"column":null}},"35":{"start":{"line":87,"column":2},"end":{"line":87,"column":null}}},"fnMap":{"0":{"name":"classifyPage","decl":{"start":{"line":40,"column":16},"end":{"line":40,"column":49}},"loc":{"start":{"line":40,"column":49},"end":{"line":87,"column":null}},"line":40}},"branchMap":{"0":{"loc":{"start":{"line":46,"column":2},"end":{"line":48,"column":null}},"type":"if","locations":[{"start":{"line":46,"column":2},"end":{"line":48,"column":null}},{"start":{},"end":{}}],"line":46},"1":{"loc":{"start":{"line":51,"column":19},"end":{"line":51,"column":null}},"type":"binary-expr","locations":[{"start":{"line":51,"column":19},"end":{"line":51,"column":58}},{"start":{"line":51,"column":62},"end":{"line":51,"column":null}}],"line":51},"2":{"loc":{"start":{"line":52,"column":20},"end":{"line":52,"column":null}},"type":"binary-expr","locations":[{"start":{"line":52,"column":20},"end":{"line":52,"column":49}},{"start":{"line":52,"column":53},"end":{"line":52,"column":null}}],"line":52},"3":{"loc":{"start":{"line":56,"column":4},"end":{"line":59,"column":null}},"type":"if","locations":[{"start":{"line":56,"column":4},"end":{"line":59,"column":null}},{"start":{},"end":{}}],"line":56},"4":{"loc":{"start":{"line":64,"column":4},"end":{"line":67,"column":null}},"type":"if","locations":[{"start":{"line":64,"column":4},"end":{"line":67,"column":null}},{"start":{},"end":{}}],"line":64},"5":{"loc":{"start":{"line":72,"column":4},"end":{"line":75,"column":null}},"type":"if","locations":[{"start":{"line":72,"column":4},"end":{"line":75,"column":null}},{"start":{},"end":{}}],"line":72},"6":{"loc":{"start":{"line":80,"column":4},"end":{"line":83,"column":null}},"type":"if","locations":[{"start":{"line":80,"column":4},"end":{"line":83,"column":null}},{"start":{},"end":{}}],"line":80},"7":{"loc":{"start":{"line":80,"column":8},"end":{"line":80,"column":61}},"type":"binary-expr","locations":[{"start":{"line":80,"column":8},"end":{"line":80,"column":30}},{"start":{"line":80,"column":34},"end":{"line":80,"column":61}}],"line":80}},"s":{"0":1,"1":1,"2":1,"3":1,"4":1,"5":1,"6":16,"7":16,"8":16,"9":16,"10":8,"11":8,"12":16,"13":16,"14":16,"15":16,"16":70,"17":3,"18":3,"19":3,"20":16,"21":112,"22":3,"23":3,"24":3,"25":16,"26":90,"27":2,"28":2,"29":2,"30":16,"31":61,"32":1,"33":1,"34":1,"35":16},"f":{"0":16},"b":{"0":[8,8],"1":[16,0],"2":[16,0],"3":[3,67],"4":[3,109],"5":[2,88],"6":[1,60],"7":[61,60]},"meta":{"lastBranch":8,"lastFunction":1,"lastStatement":36,"seen":{"s:1:36:1:Infinity":0,"s:8:21:8:Infinity":1,"s:10:22:16:Infinity":2,"s:18:26:25:Infinity":3,"s:27:24:36:Infinity":4,"s:38:27:38:Infinity":5,"f:40:16:40:49":0,"s:41:28:41:30":6,"s:42:14:42:Infinity":7,"s:44:14:44:Infinity":8,"b:46:2:48:Infinity:undefined:undefined:undefined:undefined":0,"s:46:2:48:Infinity":9,"s:47:4:47:Infinity":10,"s:48:4:48:Infinity":11,"s:51:19:51:Infinity":12,"b:51:19:51:58:51:62:51:Infinity":1,"s:52:20:52:Infinity":13,"b:52:20:52:49:52:53:52:Infinity":2,"s:53:19:53:Infinity":14,"s:55:2:59:Infinity":15,"b:56:4:59:Infinity:undefined:undefined:undefined:undefined":3,"s:56:4:59:Infinity":16,"s:57:6:57:Infinity":17,"s:58:6:58:Infinity":18,"s:59:6:59:Infinity":19,"s:63:2:67:Infinity":20,"b:64:4:67:Infinity:undefined:undefined:undefined:undefined":4,"s:64:4:67:Infinity":21,"s:65:6:65:Infinity":22,"s:66:6:66:Infinity":23,"s:67:6:67:Infinity":24,"s:71:2:75:Infinity":25,"b:72:4:75:Infinity:undefined:undefined:undefined:undefined":5,"s:72:4:75:Infinity":26,"s:73:6:73:Infinity":27,"s:74:6:74:Infinity":28,"s:75:6:75:Infinity":29,"s:79:2:83:Infinity":30,"b:80:4:83:Infinity:undefined:undefined:undefined:undefined":6,"s:80:4:83:Infinity":31,"b:80:8:80:30:80:34:80:61":7,"s:81:6:81:Infinity":32,"s:82:6:82:Infinity":33,"s:83:6:83:Infinity":34,"s:87:2:87:Infinity":35}}}
,"/Users/chetachiihekwaba/Desktop/SubRadar/src/content/detector.ts": {"path":"/Users/chetachiihekwaba/Desktop/SubRadar/src/content/detector.ts","statementMap":{"0":{"start":{"line":6,"column":17},"end":{"line":6,"column":50}},"1":{"start":{"line":8,"column":2},"end":{"line":8,"column":null}},"2":{"start":{"line":8,"column":36},"end":{"line":8,"column":null}},"3":{"start":{"line":10,"column":8},"end":{"line":10,"column":34}},"4":{"start":{"line":12,"column":2},"end":{"line":18,"column":null}}},"fnMap":{"0":{"name":"runDetection","decl":{"start":{"line":5,"column":16},"end":{"line":5,"column":55}},"loc":{"start":{"line":5,"column":55},"end":{"line":18,"column":null}},"line":5}},"branchMap":{"0":{"loc":{"start":{"line":8,"column":2},"end":{"line":8,"column":null}},"type":"if","locations":[{"start":{"line":8,"column":2},"end":{"line":8,"column":null}},{"start":{},"end":{}}],"line":8}},"s":{"0":7,"1":7,"2":3,"3":4,"4":4},"f":{"0":7},"b":{"0":[3,4]},"meta":{"lastBranch":1,"lastFunction":1,"lastStatement":5,"seen":{"f:5:16:5:55":0,"s:6:17:6:50":0,"b:8:2:8:Infinity:undefined:undefined:undefined:undefined":0,"s:8:2:8:Infinity":1,"s:8:36:8:Infinity":2,"s:10:8:10:34":3,"s:12:2:18:Infinity":4}}}
,"/Users/chetachiihekwaba/Desktop/SubRadar/src/content/extractor.ts": {"path":"/Users/chetachiihekwaba/Desktop/SubRadar/src/content/extractor.ts","statementMap":{"0":{"start":{"line":6,"column":35},"end":{"line":6,"column":37}},"1":{"start":{"line":8,"column":2},"end":{"line":8,"column":null}},"2":{"start":{"line":9,"column":2},"end":{"line":9,"column":null}},"3":{"start":{"line":10,"column":2},"end":{"line":10,"column":null}},"4":{"start":{"line":11,"column":2},"end":{"line":11,"column":null}},"5":{"start":{"line":12,"column":2},"end":{"line":12,"column":null}},"6":{"start":{"line":14,"column":2},"end":{"line":14,"column":null}},"7":{"start":{"line":18,"column":21},"end":{"line":18,"column":null}},"8":{"start":{"line":19,"column":2},"end":{"line":19,"column":null}},"9":{"start":{"line":19,"column":18},"end":{"line":19,"column":null}},"10":{"start":{"line":21,"column":16},"end":{"line":21,"column":null}},"11":{"start":{"line":22,"column":2},"end":{"line":22,"column":null}},"12":{"start":{"line":22,"column":13},"end":{"line":22,"column":null}},"13":{"start":{"line":24,"column":2},"end":{"line":24,"column":null}},"14":{"start":{"line":28,"column":15},"end":{"line":28,"column":null}},"15":{"start":{"line":29,"column":16},"end":{"line":29,"column":null}},"16":{"start":{"line":30,"column":2},"end":{"line":30,"column":null}},"17":{"start":{"line":30,"column":13},"end":{"line":30,"column":null}},"18":{"start":{"line":31,"column":2},"end":{"line":31,"column":null}},"19":{"start":{"line":35,"column":15},"end":{"line":35,"column":null}},"20":{"start":{"line":36,"column":2},"end":{"line":36,"column":null}},"21":{"start":{"line":36,"column":64},"end":{"line":36,"column":null}},"22":{"start":{"line":37,"column":2},"end":{"line":37,"column":null}},"23":{"start":{"line":37,"column":64},"end":{"line":37,"column":null}},"24":{"start":{"line":38,"column":2},"end":{"line":38,"column":null}},"25":{"start":{"line":38,"column":64},"end":{"line":38,"column":null}},"26":{"start":{"line":39,"column":2},"end":{"line":39,"column":null}},"27":{"start":{"line":43,"column":8},"end":{"line":43,"column":61}},"28":{"start":{"line":44,"column":2},"end":{"line":44,"column":null}},"29":{"start":{"line":44,"column":88},"end":{"line":44,"column":null}},"30":{"start":{"line":45,"column":2},"end":{"line":45,"column":null}},"31":{"start":{"line":45,"column":89},"end":{"line":45,"column":null}},"32":{"start":{"line":46,"column":2},"end":{"line":46,"column":null}},"33":{"start":{"line":46,"column":86},"end":{"line":46,"column":null}},"34":{"start":{"line":47,"column":2},"end":{"line":47,"column":null}},"35":{"start":{"line":51,"column":15},"end":{"line":51,"column":null}},"36":{"start":{"line":52,"column":16},"end":{"line":52,"column":null}},"37":{"start":{"line":53,"column":2},"end":{"line":53,"column":null}},"38":{"start":{"line":53,"column":13},"end":{"line":53,"column":null}},"39":{"start":{"line":54,"column":2},"end":{"line":54,"column":null}}},"fnMap":{"0":{"name":"extractSignals","decl":{"start":{"line":5,"column":16},"end":{"line":5,"column":51}},"loc":{"start":{"line":5,"column":51},"end":{"line":14,"column":null}},"line":5},"1":{"name":"extractServiceName","decl":{"start":{"line":17,"column":9},"end":{"line":17,"column":50}},"loc":{"start":{"line":17,"column":50},"end":{"line":24,"column":null}},"line":17},"2":{"name":"extractPrice","decl":{"start":{"line":27,"column":9},"end":{"line":27,"column":44}},"loc":{"start":{"line":27,"column":44},"end":{"line":31,"column":null}},"line":27},"3":{"name":"extractCurrency","decl":{"start":{"line":34,"column":9},"end":{"line":34,"column":47}},"loc":{"start":{"line":34,"column":47},"end":{"line":39,"column":null}},"line":34},"4":{"name":"extractBillingFrequency","decl":{"start":{"line":42,"column":9},"end":{"line":42,"column":55}},"loc":{"start":{"line":42,"column":55},"end":{"line":47,"column":null}},"line":42},"5":{"name":"extractTrialDuration","decl":{"start":{"line":50,"column":9},"end":{"line":50,"column":52}},"loc":{"start":{"line":50,"column":52},"end":{"line":54,"column":null}},"line":50}},"branchMap":{"0":{"loc":{"start":{"line":19,"column":2},"end":{"line":19,"column":null}},"type":"if","locations":[{"start":{"line":19,"column":2},"end":{"line":19,"column":null}},{"start":{},"end":{}}],"line":19},"1":{"loc":{"start":{"line":22,"column":2},"end":{"line":22,"column":null}},"type":"if","locations":[{"start":{"line":22,"column":2},"end":{"line":22,"column":null}},{"start":{},"end":{}}],"line":22},"2":{"loc":{"start":{"line":28,"column":15},"end":{"line":28,"column":null}},"type":"binary-expr","locations":[{"start":{"line":28,"column":15},"end":{"line":28,"column":43}},{"start":{"line":28,"column":43},"end":{"line":28,"column":null}}],"line":28},"3":{"loc":{"start":{"line":30,"column":2},"end":{"line":30,"column":null}},"type":"if","locations":[{"start":{"line":30,"column":2},"end":{"line":30,"column":null}},{"start":{},"end":{}}],"line":30},"4":{"loc":{"start":{"line":35,"column":15},"end":{"line":35,"column":null}},"type":"binary-expr","locations":[{"start":{"line":35,"column":15},"end":{"line":35,"column":43}},{"start":{"line":35,"column":43},"end":{"line":35,"column":null}}],"line":35},"5":{"loc":{"start":{"line":36,"column":2},"end":{"line":36,"column":null}},"type":"if","locations":[{"start":{"line":36,"column":2},"end":{"line":36,"column":null}},{"start":{},"end":{}}],"line":36},"6":{"loc":{"start":{"line":36,"column":6},"end":{"line":36,"column":62}},"type":"binary-expr","locations":[{"start":{"line":36,"column":6},"end":{"line":36,"column":24}},{"start":{"line":36,"column":28},"end":{"line":36,"column":62}}],"line":36},"7":{"loc":{"start":{"line":37,"column":2},"end":{"line":37,"column":null}},"type":"if","locations":[{"start":{"line":37,"column":2},"end":{"line":37,"column":null}},{"start":{},"end":{}}],"line":37},"8":{"loc":{"start":{"line":37,"column":6},"end":{"line":37,"column":62}},"type":"binary-expr","locations":[{"start":{"line":37,"column":6},"end":{"line":37,"column":24}},{"start":{"line":37,"column":28},"end":{"line":37,"column":62}}],"line":37},"9":{"loc":{"start":{"line":38,"column":2},"end":{"line":38,"column":null}},"type":"if","locations":[{"start":{"line":38,"column":2},"end":{"line":38,"column":null}},{"start":{},"end":{}}],"line":38},"10":{"loc":{"start":{"line":38,"column":6},"end":{"line":38,"column":62}},"type":"binary-expr","locations":[{"start":{"line":38,"column":6},"end":{"line":38,"column":24}},{"start":{"line":38,"column":28},"end":{"line":38,"column":62}}],"line":38},"11":{"loc":{"start":{"line":43,"column":16},"end":{"line":43,"column":48}},"type":"binary-expr","locations":[{"start":{"line":43,"column":16},"end":{"line":43,"column":44}},{"start":{"line":43,"column":44},"end":{"line":43,"column":48}}],"line":43},"12":{"loc":{"start":{"line":44,"column":2},"end":{"line":44,"column":null}},"type":"if","locations":[{"start":{"line":44,"column":2},"end":{"line":44,"column":null}},{"start":{},"end":{}}],"line":44},"13":{"loc":{"start":{"line":44,"column":6},"end":{"line":44,"column":86}},"type":"binary-expr","locations":[{"start":{"line":44,"column":6},"end":{"line":44,"column":28}},{"start":{"line":44,"column":32},"end":{"line":44,"column":57}},{"start":{"line":44,"column":61},"end":{"line":44,"column":86}}],"line":44},"14":{"loc":{"start":{"line":45,"column":2},"end":{"line":45,"column":null}},"type":"if","locations":[{"start":{"line":45,"column":2},"end":{"line":45,"column":null}},{"start":{},"end":{}}],"line":45},"15":{"loc":{"start":{"line":45,"column":6},"end":{"line":45,"column":87}},"type":"binary-expr","locations":[{"start":{"line":45,"column":6},"end":{"line":45,"column":29}},{"start":{"line":45,"column":33},"end":{"line":45,"column":59}},{"start":{"line":45,"column":63},"end":{"line":45,"column":87}}],"line":45},"16":{"loc":{"start":{"line":46,"column":2},"end":{"line":46,"column":null}},"type":"if","locations":[{"start":{"line":46,"column":2},"end":{"line":46,"column":null}},{"start":{},"end":{}}],"line":46},"17":{"loc":{"start":{"line":46,"column":6},"end":{"line":46,"column":84}},"type":"binary-expr","locations":[{"start":{"line":46,"column":6},"end":{"line":46,"column":28}},{"start":{"line":46,"column":32},"end":{"line":46,"column":57}},{"start":{"line":46,"column":61},"end":{"line":46,"column":84}}],"line":46},"18":{"loc":{"start":{"line":51,"column":15},"end":{"line":51,"column":null}},"type":"binary-expr","locations":[{"start":{"line":51,"column":15},"end":{"line":51,"column":43}},{"start":{"line":51,"column":43},"end":{"line":51,"column":null}}],"line":51},"19":{"loc":{"start":{"line":53,"column":2},"end":{"line":53,"column":null}},"type":"if","locations":[{"start":{"line":53,"column":2},"end":{"line":53,"column":null}},{"start":{},"end":{}}],"line":53}},"s":{"0":25,"1":25,"2":25,"3":25,"4":25,"5":25,"6":25,"7":25,"8":25,"9":2,"10":23,"11":23,"12":3,"13":20,"14":25,"15":25,"16":25,"17":7,"18":18,"19":25,"20":25,"21":8,"22":17,"23":1,"24":16,"25":1,"26":15,"27":25,"28":25,"29":3,"30":22,"31":2,"32":20,"33":1,"34":19,"35":25,"36":25,"37":25,"38":3,"39":22},"f":{"0":25,"1":25,"2":25,"3":25,"4":25,"5":25},"b":{"0":[2,23],"1":[3,20],"2":[25,0],"3":[7,18],"4":[25,0],"5":[8,17],"6":[25,18],"7":[1,16],"8":[17,16],"9":[1,15],"10":[16,15],"11":[25,0],"12":[3,22],"13":[25,24,23],"14":[2,20],"15":[22,21,20],"16":[1,19],"17":[20,19,19],"18":[25,0],"19":[3,22]},"meta":{"lastBranch":20,"lastFunction":6,"lastStatement":40,"seen":{"f:5:16:5:51":0,"s:6:35:6:37":0,"s:8:2:8:Infinity":1,"s:9:2:9:Infinity":2,"s:10:2:10:Infinity":3,"s:11:2:11:Infinity":4,"s:12:2:12:Infinity":5,"s:14:2:14:Infinity":6,"f:17:9:17:50":1,"s:18:21:18:Infinity":7,"b:19:2:19:Infinity:undefined:undefined:undefined:undefined":0,"s:19:2:19:Infinity":8,"s:19:18:19:Infinity":9,"s:21:16:21:Infinity":10,"b:22:2:22:Infinity:undefined:undefined:undefined:undefined":1,"s:22:2:22:Infinity":11,"s:22:13:22:Infinity":12,"s:24:2:24:Infinity":13,"f:27:9:27:44":2,"s:28:15:28:Infinity":14,"b:28:15:28:43:28:43:28:Infinity":2,"s:29:16:29:Infinity":15,"b:30:2:30:Infinity:undefined:undefined:undefined:undefined":3,"s:30:2:30:Infinity":16,"s:30:13:30:Infinity":17,"s:31:2:31:Infinity":18,"f:34:9:34:47":3,"s:35:15:35:Infinity":19,"b:35:15:35:43:35:43:35:Infinity":4,"b:36:2:36:Infinity:undefined:undefined:undefined:undefined":5,"s:36:2:36:Infinity":20,"b:36:6:36:24:36:28:36:62":6,"s:36:64:36:Infinity":21,"b:37:2:37:Infinity:undefined:undefined:undefined:undefined":7,"s:37:2:37:Infinity":22,"b:37:6:37:24:37:28:37:62":8,"s:37:64:37:Infinity":23,"b:38:2:38:Infinity:undefined:undefined:undefined:undefined":9,"s:38:2:38:Infinity":24,"b:38:6:38:24:38:28:38:62":10,"s:38:64:38:Infinity":25,"s:39:2:39:Infinity":26,"f:42:9:42:55":4,"s:43:8:43:61":27,"b:43:16:43:44:43:44:43:48":11,"b:44:2:44:Infinity:undefined:undefined:undefined:undefined":12,"s:44:2:44:Infinity":28,"b:44:6:44:28:44:32:44:57:44:61:44:86":13,"s:44:88:44:Infinity":29,"b:45:2:45:Infinity:undefined:undefined:undefined:undefined":14,"s:45:2:45:Infinity":30,"b:45:6:45:29:45:33:45:59:45:63:45:87":15,"s:45:89:45:Infinity":31,"b:46:2:46:Infinity:undefined:undefined:undefined:undefined":16,"s:46:2:46:Infinity":32,"b:46:6:46:28:46:32:46:57:46:61:46:84":17,"s:46:86:46:Infinity":33,"s:47:2:47:Infinity":34,"f:50:9:50:52":5,"s:51:15:51:Infinity":35,"b:51:15:51:43:51:43:51:Infinity":18,"s:52:16:52:Infinity":36,"b:53:2:53:Infinity:undefined:undefined:undefined:undefined":19,"s:53:2:53:Infinity":37,"s:53:13:53:Infinity":38,"s:54:2:54:Infinity":39}}}
,"/Users/chetachiihekwaba/Desktop/SubRadar/src/content/index.ts": {"path":"/Users/chetachiihekwaba/Desktop/SubRadar/src/content/index.ts","statementMap":{"0":{"start":{"line":5,"column":14},"end":{"line":5,"column":null}},"1":{"start":{"line":7,"column":2},"end":{"line":7,"column":null}},"2":{"start":{"line":7,"column":28},"end":{"line":7,"column":null}},"3":{"start":{"line":9,"column":8},"end":{"line":9,"column":31}},"4":{"start":{"line":10,"column":2},"end":{"line":10,"column":null}},"5":{"start":{"line":10,"column":15},"end":{"line":10,"column":null}},"6":{"start":{"line":12,"column":2},"end":{"line":12,"column":null}},"7":{"start":{"line":14,"column":2},"end":{"line":16,"column":null}},"8":{"start":{"line":15,"column":4},"end":{"line":15,"column":null}},"9":{"start":{"line":19,"column":0},"end":{"line":22,"column":null}},"10":{"start":{"line":20,"column":2},"end":{"line":20,"column":null}},"11":{"start":{"line":22,"column":2},"end":{"line":22,"column":null}}},"fnMap":{"0":{"name":"handleDetection","decl":{"start":{"line":4,"column":9},"end":{"line":4,"column":33}},"loc":{"start":{"line":4,"column":33},"end":{"line":16,"column":null}},"line":4},"1":{"name":"(anonymous_1)","decl":{"start":{"line":14,"column":75},"end":{"line":14,"column":82}},"loc":{"start":{"line":14,"column":90},"end":{"line":16,"column":null}},"line":14}},"branchMap":{"0":{"loc":{"start":{"line":7,"column":2},"end":{"line":7,"column":null}},"type":"if","locations":[{"start":{"line":7,"column":2},"end":{"line":7,"column":null}},{"start":{},"end":{}}],"line":7},"1":{"loc":{"start":{"line":10,"column":2},"end":{"line":10,"column":null}},"type":"if","locations":[{"start":{"line":10,"column":2},"end":{"line":10,"column":null}},{"start":{},"end":{}}],"line":10},"2":{"loc":{"start":{"line":19,"column":0},"end":{"line":22,"column":null}},"type":"if","locations":[{"start":{"line":19,"column":0},"end":{"line":22,"column":null}},{"start":{"line":21,"column":7},"end":{"line":22,"column":null}}],"line":19}},"s":{"0":0,"1":0,"2":0,"3":0,"4":0,"5":0,"6":0,"7":0,"8":0,"9":0,"10":0,"11":0},"f":{"0":0,"1":0},"b":{"0":[0,0],"1":[0,0],"2":[0,0]},"meta":{"lastBranch":3,"lastFunction":2,"lastStatement":12,"seen":{"f:4:9:4:33":0,"s:5:14:5:Infinity":0,"b:7:2:7:Infinity:undefined:undefined:undefined:undefined":0,"s:7:2:7:Infinity":1,"s:7:28:7:Infinity":2,"s:9:8:9:31":3,"b:10:2:10:Infinity:undefined:undefined:undefined:undefined":1,"s:10:2:10:Infinity":4,"s:10:15:10:Infinity":5,"s:12:2:12:Infinity":6,"s:14:2:16:Infinity":7,"f:14:75:14:82":1,"s:15:4:15:Infinity":8,"b:19:0:22:Infinity:21:7:22:Infinity":2,"s:19:0:22:Infinity":9,"s:20:2:20:Infinity":10,"s:22:2:22:Infinity":11}}}
,"/Users/chetachiihekwaba/Desktop/SubRadar/src/content/promptState.ts": {"path":"/Users/chetachiihekwaba/Desktop/SubRadar/src/content/promptState.ts","statementMap":{"0":{"start":{"line":1,"column":21},"end":{"line":1,"column":46}},"1":{"start":{"line":5,"column":2},"end":{"line":5,"column":null}},"2":{"start":{"line":10,"column":2},"end":{"line":10,"column":null}},"3":{"start":{"line":15,"column":2},"end":{"line":15,"column":null}},"4":{"start":{"line":19,"column":2},"end":{"line":23,"column":null}},"5":{"start":{"line":20,"column":14},"end":{"line":20,"column":26}},"6":{"start":{"line":21,"column":4},"end":{"line":21,"column":null}},"7":{"start":{"line":23,"column":4},"end":{"line":23,"column":null}}},"fnMap":{"0":{"name":"hasBeenPrompted","decl":{"start":{"line":4,"column":16},"end":{"line":4,"column":32}},"loc":{"start":{"line":4,"column":54},"end":{"line":5,"column":null}},"line":4},"1":{"name":"markPrompted","decl":{"start":{"line":9,"column":16},"end":{"line":9,"column":29}},"loc":{"start":{"line":9,"column":48},"end":{"line":10,"column":null}},"line":9},"2":{"name":"clearPromptState","decl":{"start":{"line":14,"column":16},"end":{"line":14,"column":41}},"loc":{"start":{"line":14,"column":41},"end":{"line":15,"column":null}},"line":14},"3":{"name":"normalizeUrl","decl":{"start":{"line":18,"column":9},"end":{"line":18,"column":22}},"loc":{"start":{"line":18,"column":43},"end":{"line":23,"column":null}},"line":18}},"branchMap":{},"s":{"0":1,"1":7,"2":6,"3":7,"4":13,"5":13,"6":13,"7":0},"f":{"0":7,"1":6,"2":7,"3":13},"b":{},"meta":{"lastBranch":0,"lastFunction":4,"lastStatement":8,"seen":{"s:1:21:1:46":0,"f:4:16:4:32":0,"s:5:2:5:Infinity":1,"f:9:16:9:29":1,"s:10:2:10:Infinity":2,"f:14:16:14:41":2,"s:15:2:15:Infinity":3,"f:18:9:18:22":3,"s:19:2:23:Infinity":4,"s:20:14:20:26":5,"s:21:4:21:Infinity":6,"s:23:4:23:Infinity":7}}}
,"/Users/chetachiihekwaba/Desktop/SubRadar/src/dashboard/AuthGate.tsx": {"path":"/Users/chetachiihekwaba/Desktop/SubRadar/src/dashboard/AuthGate.tsx","statementMap":{"0":{"start":{"line":7,"column":15},"end":{"line":7,"column":50}},"1":{"start":{"line":8,"column":16},"end":{"line":8,"column":40}},"2":{"start":{"line":9,"column":19},"end":{"line":9,"column":46}},"3":{"start":{"line":10,"column":16},"end":{"line":10,"column":57}},"4":{"start":{"line":11,"column":18},"end":{"line":11,"column":47}},"5":{"start":{"line":12,"column":27},"end":{"line":12,"column":65}},"6":{"start":{"line":15,"column":4},"end":{"line":15,"column":null}},"7":{"start":{"line":15,"column":38},"end":{"line":15,"column":83}},"8":{"start":{"line":15,"column":83},"end":{"line":15,"column":null}},"9":{"start":{"line":16,"column":4},"end":{"line":16,"column":22}},"10":{"start":{"line":16,"column":22},"end":{"line":16,"column":null}},"11":{"start":{"line":18,"column":4},"end":{"line":31,"column":null}},"12":{"start":{"line":19,"column":29},"end":{"line":19,"column":102}},"13":{"start":{"line":20,"column":6},"end":{"line":20,"column":null}},"14":{"start":{"line":21,"column":6},"end":{"line":21,"column":null}},"15":{"start":{"line":21,"column":17},"end":{"line":21,"column":40}},"16":{"start":{"line":21,"column":40},"end":{"line":21,"column":null}},"17":{"start":{"line":22,"column":6},"end":{"line":22,"column":null}},"18":{"start":{"line":24,"column":35},"end":{"line":24,"column":96}},"19":{"start":{"line":25,"column":6},"end":{"line":25,"column":null}},"20":{"start":{"line":26,"column":6},"end":{"line":26,"column":null}},"21":{"start":{"line":26,"column":17},"end":{"line":26,"column":40}},"22":{"start":{"line":26,"column":40},"end":{"line":26,"column":null}},"23":{"start":{"line":28,"column":6},"end":{"line":31,"column":null}},"24":{"start":{"line":29,"column":8},"end":{"line":29,"column":null}},"25":{"start":{"line":31,"column":8},"end":{"line":31,"column":null}},"26":{"start":{"line":36,"column":2},"end":{"line":46,"column":null}},"27":{"start":{"line":37,"column":4},"end":{"line":46,"column":null}},"28":{"start":{"line":42,"column":59},"end":{"line":42,"column":87}},"29":{"start":{"line":42,"column":87},"end":{"line":42,"column":108}},"30":{"start":{"line":50,"column":2},"end":{"line":79,"column":null}},"31":{"start":{"line":59,"column":27},"end":{"line":59,"column":51}},"32":{"start":{"line":65,"column":27},"end":{"line":65,"column":54}},"33":{"start":{"line":66,"column":28},"end":{"line":66,"column":67}},"34":{"start":{"line":75,"column":57},"end":{"line":75,"column":109}},"35":{"start":{"line":75,"column":70},"end":{"line":75,"column":107}},"36":{"start":{"line":75,"column":109},"end":{"line":75,"column":null}}},"fnMap":{"0":{"name":"AuthGate","decl":{"start":{"line":6,"column":24},"end":{"line":6,"column":33}},"loc":{"start":{"line":6,"column":69},"end":{"line":79,"column":null}},"line":6},"1":{"name":"handleSubmit","decl":{"start":{"line":14,"column":17},"end":{"line":14,"column":32}},"loc":{"start":{"line":14,"column":32},"end":{"line":31,"column":null}},"line":14},"2":{"name":"(anonymous_2)","decl":{"start":{"line":42,"column":42},"end":{"line":42,"column":57}},"loc":{"start":{"line":42,"column":57},"end":{"line":42,"column":108}},"line":42},"3":{"name":"(anonymous_3)","decl":{"start":{"line":59,"column":12},"end":{"line":59,"column":22}},"loc":{"start":{"line":59,"column":27},"end":{"line":59,"column":51}},"line":59},"4":{"name":"(anonymous_4)","decl":{"start":{"line":65,"column":12},"end":{"line":65,"column":22}},"loc":{"start":{"line":65,"column":27},"end":{"line":65,"column":54}},"line":65},"5":{"name":"(anonymous_5)","decl":{"start":{"line":66,"column":12},"end":{"line":66,"column":23}},"loc":{"start":{"line":66,"column":28},"end":{"line":66,"column":67}},"line":66},"6":{"name":"(anonymous_6)","decl":{"start":{"line":75,"column":40},"end":{"line":75,"column":55}},"loc":{"start":{"line":75,"column":55},"end":{"line":75,"column":null}},"line":75},"7":{"name":"(anonymous_7)","decl":{"start":{"line":75,"column":57},"end":{"line":75,"column":65}},"loc":{"start":{"line":75,"column":70},"end":{"line":75,"column":107}},"line":75}},"branchMap":{"0":{"loc":{"start":{"line":15,"column":4},"end":{"line":15,"column":null}},"type":"if","locations":[{"start":{"line":15,"column":4},"end":{"line":15,"column":null}},{"start":{},"end":{}}],"line":15},"1":{"loc":{"start":{"line":15,"column":8},"end":{"line":15,"column":36}},"type":"binary-expr","locations":[{"start":{"line":15,"column":8},"end":{"line":15,"column":21}},{"start":{"line":15,"column":25},"end":{"line":15,"column":36}}],"line":15},"2":{"loc":{"start":{"line":18,"column":4},"end":{"line":31,"column":null}},"type":"if","locations":[{"start":{"line":18,"column":4},"end":{"line":31,"column":null}},{"start":{"line":23,"column":11},"end":{"line":31,"column":null}}],"line":18},"3":{"loc":{"start":{"line":21,"column":6},"end":{"line":21,"column":null}},"type":"if","locations":[{"start":{"line":21,"column":6},"end":{"line":21,"column":null}},{"start":{},"end":{}}],"line":21},"4":{"loc":{"start":{"line":26,"column":6},"end":{"line":26,"column":null}},"type":"if","locations":[{"start":{"line":26,"column":6},"end":{"line":26,"column":null}},{"start":{},"end":{}}],"line":26},"5":{"loc":{"start":{"line":28,"column":6},"end":{"line":31,"column":null}},"type":"if","locations":[{"start":{"line":28,"column":6},"end":{"line":31,"column":null}},{"start":{"line":30,"column":13},"end":{"line":31,"column":null}}],"line":28},"6":{"loc":{"start":{"line":36,"column":2},"end":{"line":46,"column":null}},"type":"if","locations":[{"start":{"line":36,"column":2},"end":{"line":46,"column":null}},{"start":{},"end":{}}],"line":36},"7":{"loc":{"start":{"line":54,"column":38},"end":{"line":54,"column":108}},"type":"cond-expr","locations":[{"start":{"line":54,"column":58},"end":{"line":54,"column":82}},{"start":{"line":54,"column":82},"end":{"line":54,"column":108}}],"line":54},"8":{"loc":{"start":{"line":66,"column":28},"end":{"line":66,"column":67}},"type":"binary-expr","locations":[{"start":{"line":66,"column":28},"end":{"line":66,"column":49}},{"start":{"line":66,"column":49},"end":{"line":66,"column":67}}],"line":66},"9":{"loc":{"start":{"line":69,"column":9},"end":{"line":69,"column":null}},"type":"binary-expr","locations":[{"start":{"line":69,"column":9},"end":{"line":69,"column":18}},{"start":{"line":69,"column":18},"end":{"line":69,"column":null}}],"line":69},"10":{"loc":{"start":{"line":72,"column":11},"end":{"line":72,"column":null}},"type":"cond-expr","locations":[{"start":{"line":72,"column":21},"end":{"line":72,"column":27}},{"start":{"line":72,"column":27},"end":{"line":72,"column":null}}],"line":72},"11":{"loc":{"start":{"line":72,"column":27},"end":{"line":72,"column":null}},"type":"cond-expr","locations":[{"start":{"line":72,"column":47},"end":{"line":72,"column":59}},{"start":{"line":72,"column":59},"end":{"line":72,"column":null}}],"line":72},"12":{"loc":{"start":{"line":75,"column":70},"end":{"line":75,"column":107}},"type":"cond-expr","locations":[{"start":{"line":75,"column":87},"end":{"line":75,"column":98}},{"start":{"line":75,"column":98},"end":{"line":75,"column":107}}],"line":75},"13":{"loc":{"start":{"line":76,"column":11},"end":{"line":76,"column":null}},"type":"cond-expr","locations":[{"start":{"line":76,"column":31},"end":{"line":76,"column":60}},{"start":{"line":76,"column":60},"end":{"line":76,"column":null}}],"line":76}},"s":{"0":0,"1":0,"2":0,"3":0,"4":0,"5":0,"6":0,"7":0,"8":0,"9":0,"10":0,"11":0,"12":0,"13":0,"14":0,"15":0,"16":0,"17":0,"18":0,"19":0,"20":0,"21":0,"22":0,"23":0,"24":0,"25":0,"26":0,"27":0,"28":0,"29":0,"30":0,"31":0,"32":0,"33":0,"34":0,"35":0,"36":0},"f":{"0":0,"1":0,"2":0,"3":0,"4":0,"5":0,"6":0,"7":0},"b":{"0":[0,0],"1":[0,0],"2":[0,0],"3":[0,0],"4":[0,0],"5":[0,0],"6":[0,0],"7":[0,0],"8":[0,0],"9":[0,0],"10":[0,0],"11":[0,0],"12":[0,0],"13":[0,0]},"meta":{"lastBranch":14,"lastFunction":8,"lastStatement":37,"seen":{"f:6:24:6:33":0,"s:7:15:7:50":0,"s:8:16:8:40":1,"s:9:19:9:46":2,"s:10:16:10:57":3,"s:11:18:11:47":4,"s:12:27:12:65":5,"f:14:17:14:32":1,"b:15:4:15:Infinity:undefined:undefined:undefined:undefined":0,"s:15:4:15:Infinity":6,"b:15:8:15:21:15:25:15:36":1,"s:15:38:15:83":7,"s:15:83:15:Infinity":8,"s:16:4:16:22":9,"s:16:22:16:Infinity":10,"b:18:4:31:Infinity:23:11:31:Infinity":2,"s:18:4:31:Infinity":11,"s:19:29:19:102":12,"s:20:6:20:Infinity":13,"b:21:6:21:Infinity:undefined:undefined:undefined:undefined":3,"s:21:6:21:Infinity":14,"s:21:17:21:40":15,"s:21:40:21:Infinity":16,"s:22:6:22:Infinity":17,"s:24:35:24:96":18,"s:25:6:25:Infinity":19,"b:26:6:26:Infinity:undefined:undefined:undefined:undefined":4,"s:26:6:26:Infinity":20,"s:26:17:26:40":21,"s:26:40:26:Infinity":22,"b:28:6:31:Infinity:30:13:31:Infinity":5,"s:28:6:31:Infinity":23,"s:29:8:29:Infinity":24,"s:31:8:31:Infinity":25,"b:36:2:46:Infinity:undefined:undefined:undefined:undefined":6,"s:36:2:46:Infinity":26,"s:37:4:46:Infinity":27,"f:42:42:42:57":2,"s:42:59:42:87":28,"s:42:87:42:108":29,"s:50:2:79:Infinity":30,"b:54:58:54:82:54:82:54:108":7,"f:59:12:59:22":3,"s:59:27:59:51":31,"f:65:12:65:22":4,"s:65:27:65:54":32,"f:66:12:66:23":5,"s:66:28:66:67":33,"b:66:28:66:49:66:49:66:67":8,"b:69:9:69:18:69:18:69:Infinity":9,"b:72:21:72:27:72:27:72:Infinity":10,"b:72:47:72:59:72:59:72:Infinity":11,"f:75:40:75:55":6,"s:75:57:75:109":34,"f:75:57:75:65":7,"s:75:70:75:107":35,"b:75:87:75:98:75:98:75:107":12,"s:75:109:75:Infinity":36,"b:76:31:76:60:76:60:76:Infinity":13}}}
,"/Users/chetachiihekwaba/Desktop/SubRadar/src/dashboard/Dashboard.tsx": {"path":"/Users/chetachiihekwaba/Desktop/SubRadar/src/dashboard/Dashboard.tsx","statementMap":{"0":{"start":{"line":8,"column":16},"end":{"line":8,"column":39}},"1":{"start":{"line":9,"column":8},"end":{"line":9,"column":34}},"2":{"start":{"line":10,"column":2},"end":{"line":23,"column":null}},"3":{"start":{"line":11,"column":4},"end":{"line":11,"column":null}},"4":{"start":{"line":12,"column":4},"end":{"line":12,"column":null}},"5":{"start":{"line":12,"column":24},"end":{"line":12,"column":37}},"6":{"start":{"line":12,"column":37},"end":{"line":12,"column":null}},"7":{"start":{"line":13,"column":21},"end":{"line":13,"column":null}},"8":{"start":{"line":14,"column":18},"end":{"line":14,"column":28}},"9":{"start":{"line":16,"column":16},"end":{"line":16,"column":60}},"10":{"start":{"line":17,"column":20},"end":{"line":17,"column":58}},"11":{"start":{"line":18,"column":6},"end":{"line":18,"column":null}},"12":{"start":{"line":19,"column":6},"end":{"line":19,"column":null}},"13":{"start":{"line":19,"column":17},"end":{"line":19,"column":null}},"14":{"start":{"line":21,"column":4},"end":{"line":21,"column":null}},"15":{"start":{"line":22,"column":4},"end":{"line":22,"column":null}},"16":{"start":{"line":22,"column":17},"end":{"line":22,"column":53}},"17":{"start":{"line":24,"column":2},"end":{"line":24,"column":null}},"18":{"start":{"line":29,"column":52},"end":{"line":34,"column":null}},"19":{"start":{"line":37,"column":2},"end":{"line":49,"column":null}},"20":{"start":{"line":40,"column":8},"end":{"line":47,"column":null}},"21":{"start":{"line":54,"column":24},"end":{"line":54,"column":72}},"22":{"start":{"line":55,"column":17},"end":{"line":55,"column":56}},"23":{"start":{"line":56,"column":17},"end":{"line":56,"column":42}},"24":{"start":{"line":57,"column":18},"end":{"line":57,"column":46}},"25":{"start":{"line":60,"column":4},"end":{"line":60,"column":null}},"26":{"start":{"line":61,"column":4},"end":{"line":67,"column":null}},"27":{"start":{"line":62,"column":19},"end":{"line":62,"column":44}},"28":{"start":{"line":63,"column":6},"end":{"line":63,"column":null}},"29":{"start":{"line":65,"column":6},"end":{"line":65,"column":null}},"30":{"start":{"line":67,"column":6},"end":{"line":67,"column":null}},"31":{"start":{"line":72,"column":18},"end":{"line":72,"column":28}},"32":{"start":{"line":73,"column":10},"end":{"line":76,"column":null}},"33":{"start":{"line":74,"column":16},"end":{"line":74,"column":31}},"34":{"start":{"line":75,"column":6},"end":{"line":75,"column":null}},"35":{"start":{"line":76,"column":6},"end":{"line":76,"column":null}},"36":{"start":{"line":78,"column":16},"end":{"line":78,"column":40}},"37":{"start":{"line":79,"column":33},"end":{"line":105,"column":null}},"38":{"start":{"line":106,"column":4},"end":{"line":106,"column":null}},"39":{"start":{"line":107,"column":4},"end":{"line":107,"column":null}},"40":{"start":{"line":111,"column":4},"end":{"line":111,"column":null}},"41":{"start":{"line":112,"column":4},"end":{"line":112,"column":null}},"42":{"start":{"line":115,"column":2},"end":{"line":115,"column":null}},"43":{"start":{"line":115,"column":20},"end":{"line":115,"column":30}},"44":{"start":{"line":117,"column":8},"end":{"line":124,"column":21}},"45":{"start":{"line":118,"column":17},"end":{"line":118,"column":96}},"46":{"start":{"line":118,"column":45},"end":{"line":118,"column":96}},"47":{"start":{"line":119,"column":4},"end":{"line":123,"column":null}},"48":{"start":{"line":120,"column":33},"end":{"line":120,"column":55}},"49":{"start":{"line":121,"column":32},"end":{"line":121,"column":53}},"50":{"start":{"line":122,"column":33},"end":{"line":122,"column":70}},"51":{"start":{"line":126,"column":22},"end":{"line":126,"column":48}},"52":{"start":{"line":127,"column":21},"end":{"line":127,"column":46}},"53":{"start":{"line":128,"column":22},"end":{"line":128,"column":48}},"54":{"start":{"line":130,"column":2},"end":{"line":210,"column":null}},"55":{"start":{"line":180,"column":27},"end":{"line":180,"column":52}},"56":{"start":{"line":184,"column":58},"end":{"line":184,"column":71}},"57":{"start":{"line":192,"column":10},"end":{"line":198,"column":null}},"58":{"start":{"line":195,"column":27},"end":{"line":195,"column":47}}},"fnMap":{"0":{"name":"useCountUp","decl":{"start":{"line":7,"column":9},"end":{"line":7,"column":20}},"loc":{"start":{"line":7,"column":36},"end":{"line":24,"column":null}},"line":7},"1":{"name":"(anonymous_1)","decl":{"start":{"line":10,"column":2},"end":{"line":10,"column":18}},"loc":{"start":{"line":10,"column":18},"end":{"line":23,"column":6}},"line":10},"2":{"name":"tick","decl":{"start":{"line":15,"column":13},"end":{"line":15,"column":20}},"loc":{"start":{"line":15,"column":20},"end":{"line":19,"column":null}},"line":15},"3":{"name":"(anonymous_3)","decl":{"start":{"line":22,"column":4},"end":{"line":22,"column":17}},"loc":{"start":{"line":22,"column":17},"end":{"line":22,"column":53}},"line":22},"4":{"name":"LoadingSkeleton","decl":{"start":{"line":36,"column":9},"end":{"line":36,"column":27}},"loc":{"start":{"line":36,"column":27},"end":{"line":49,"column":null}},"line":36},"5":{"name":"(anonymous_5)","decl":{"start":{"line":39,"column":17},"end":{"line":39,"column":22}},"loc":{"start":{"line":40,"column":8},"end":{"line":47,"column":null}},"line":40},"6":{"name":"Dashboard","decl":{"start":{"line":53,"column":24},"end":{"line":53,"column":36}},"loc":{"start":{"line":53,"column":36},"end":{"line":210,"column":null}},"line":53},"7":{"name":"load","decl":{"start":{"line":59,"column":17},"end":{"line":59,"column":24}},"loc":{"start":{"line":59,"column":24},"end":{"line":67,"column":null}},"line":59},"8":{"name":"seedTestData","decl":{"start":{"line":71,"column":17},"end":{"line":71,"column":32}},"loc":{"start":{"line":71,"column":32},"end":{"line":107,"column":null}},"line":71},"9":{"name":"(anonymous_9)","decl":{"start":{"line":73,"column":10},"end":{"line":73,"column":21}},"loc":{"start":{"line":73,"column":35},"end":{"line":76,"column":null}},"line":73},"10":{"name":"clearTestData","decl":{"start":{"line":110,"column":17},"end":{"line":110,"column":33}},"loc":{"start":{"line":110,"column":33},"end":{"line":112,"column":null}},"line":110},"11":{"name":"(anonymous_11)","decl":{"start":{"line":115,"column":2},"end":{"line":115,"column":18}},"loc":{"start":{"line":115,"column":18},"end":{"line":115,"column":32}},"line":115},"12":{"name":"(anonymous_12)","decl":{"start":{"line":117,"column":18},"end":{"line":117,"column":32}},"loc":{"start":{"line":117,"column":32},"end":{"line":124,"column":6}},"line":117},"13":{"name":"(anonymous_13)","decl":{"start":{"line":118,"column":31},"end":{"line":118,"column":39}},"loc":{"start":{"line":118,"column":45},"end":{"line":118,"column":96}},"line":118},"14":{"name":"(anonymous_14)","decl":{"start":{"line":120,"column":19},"end":{"line":120,"column":27}},"loc":{"start":{"line":120,"column":33},"end":{"line":120,"column":55}},"line":120},"15":{"name":"(anonymous_15)","decl":{"start":{"line":121,"column":18},"end":{"line":121,"column":26}},"loc":{"start":{"line":121,"column":32},"end":{"line":121,"column":53}},"line":121},"16":{"name":"(anonymous_16)","decl":{"start":{"line":122,"column":19},"end":{"line":122,"column":27}},"loc":{"start":{"line":122,"column":33},"end":{"line":122,"column":70}},"line":122},"17":{"name":"(anonymous_17)","decl":{"start":{"line":180,"column":10},"end":{"line":180,"column":21}},"loc":{"start":{"line":180,"column":27},"end":{"line":180,"column":52}},"line":180},"18":{"name":"(anonymous_18)","decl":{"start":{"line":184,"column":43},"end":{"line":184,"column":58}},"loc":{"start":{"line":184,"column":58},"end":{"line":184,"column":71}},"line":184},"19":{"name":"(anonymous_19)","decl":{"start":{"line":191,"column":14},"end":{"line":191,"column":19}},"loc":{"start":{"line":192,"column":10},"end":{"line":198,"column":null}},"line":192},"20":{"name":"(anonymous_20)","decl":{"start":{"line":195,"column":12},"end":{"line":195,"column":27}},"loc":{"start":{"line":195,"column":27},"end":{"line":195,"column":47}},"line":195}},"branchMap":{"0":{"loc":{"start":{"line":12,"column":4},"end":{"line":12,"column":null}},"type":"if","locations":[{"start":{"line":12,"column":4},"end":{"line":12,"column":null}},{"start":{},"end":{}}],"line":12},"1":{"loc":{"start":{"line":17,"column":20},"end":{"line":17,"column":58}},"type":"cond-expr","locations":[{"start":{"line":17,"column":30},"end":{"line":17,"column":34}},{"start":{"line":17,"column":34},"end":{"line":17,"column":58}}],"line":17},"2":{"loc":{"start":{"line":19,"column":6},"end":{"line":19,"column":null}},"type":"if","locations":[{"start":{"line":19,"column":6},"end":{"line":19,"column":null}},{"start":{},"end":{}}],"line":19},"3":{"loc":{"start":{"line":118,"column":45},"end":{"line":118,"column":96}},"type":"binary-expr","locations":[{"start":{"line":118,"column":45},"end":{"line":118,"column":72}},{"start":{"line":118,"column":72},"end":{"line":118,"column":96}}],"line":118},"4":{"loc":{"start":{"line":145,"column":7},"end":{"line":165,"column":null}},"type":"binary-expr","locations":[{"start":{"line":145,"column":7},"end":{"line":145,"column":null}},{"start":{"line":146,"column":8},"end":{"line":165,"column":null}}],"line":145},"5":{"loc":{"start":{"line":183,"column":9},"end":{"line":186,"column":null}},"type":"binary-expr","locations":[{"start":{"line":183,"column":9},"end":{"line":183,"column":null}},{"start":{"line":184,"column":10},"end":{"line":186,"column":null}}],"line":183},"6":{"loc":{"start":{"line":194,"column":37},"end":{"line":194,"column":null}},"type":"cond-expr","locations":[{"start":{"line":194,"column":60},"end":{"line":194,"column":83}},{"start":{"line":194,"column":83},"end":{"line":194,"column":null}}],"line":194},"7":{"loc":{"start":{"line":202,"column":7},"end":{"line":210,"column":null}},"type":"cond-expr","locations":[{"start":{"line":203,"column":8},"end":{"line":205,"column":9}},{"start":{"line":205,"column":8},"end":{"line":210,"column":null}}],"line":202}},"s":{"0":0,"1":0,"2":0,"3":0,"4":0,"5":0,"6":0,"7":0,"8":0,"9":0,"10":0,"11":0,"12":0,"13":0,"14":0,"15":0,"16":0,"17":0,"18":0,"19":0,"20":0,"21":0,"22":0,"23":0,"24":0,"25":0,"26":0,"27":0,"28":0,"29":0,"30":0,"31":0,"32":0,"33":0,"34":0,"35":0,"36":0,"37":0,"38":0,"39":0,"40":0,"41":0,"42":0,"43":0,"44":0,"45":0,"46":0,"47":0,"48":0,"49":0,"50":0,"51":0,"52":0,"53":0,"54":0,"55":0,"56":0,"57":0,"58":0},"f":{"0":0,"1":0,"2":0,"3":0,"4":0,"5":0,"6":0,"7":0,"8":0,"9":0,"10":0,"11":0,"12":0,"13":0,"14":0,"15":0,"16":0,"17":0,"18":0,"19":0,"20":0},"b":{"0":[0,0],"1":[0,0],"2":[0,0],"3":[0,0],"4":[0,0],"5":[0,0],"6":[0,0],"7":[0,0]},"meta":{"lastBranch":8,"lastFunction":21,"lastStatement":59,"seen":{"f:7:9:7:20":0,"s:8:16:8:39":0,"s:9:8:9:34":1,"s:10:2:23:Infinity":2,"f:10:2:10:18":1,"s:11:4:11:Infinity":3,"b:12:4:12:Infinity:undefined:undefined:undefined:undefined":0,"s:12:4:12:Infinity":4,"s:12:24:12:37":5,"s:12:37:12:Infinity":6,"s:13:21:13:Infinity":7,"s:14:18:14:28":8,"f:15:13:15:20":2,"s:16:16:16:60":9,"s:17:20:17:58":10,"b:17:30:17:34:17:34:17:58":1,"s:18:6:18:Infinity":11,"b:19:6:19:Infinity:undefined:undefined:undefined:undefined":2,"s:19:6:19:Infinity":12,"s:19:17:19:Infinity":13,"s:21:4:21:Infinity":14,"s:22:4:22:Infinity":15,"f:22:4:22:17":3,"s:22:17:22:53":16,"s:24:2:24:Infinity":17,"s:29:52:34:Infinity":18,"f:36:9:36:27":4,"s:37:2:49:Infinity":19,"f:39:17:39:22":5,"s:40:8:47:Infinity":20,"f:53:24:53:36":6,"s:54:24:54:72":21,"s:55:17:55:56":22,"s:56:17:56:42":23,"s:57:18:57:46":24,"f:59:17:59:24":7,"s:60:4:60:Infinity":25,"s:61:4:67:Infinity":26,"s:62:19:62:44":27,"s:63:6:63:Infinity":28,"s:65:6:65:Infinity":29,"s:67:6:67:Infinity":30,"f:71:17:71:32":8,"s:72:18:72:28":31,"s:73:10:76:Infinity":32,"f:73:10:73:21":9,"s:74:16:74:31":33,"s:75:6:75:Infinity":34,"s:76:6:76:Infinity":35,"s:78:16:78:40":36,"s:79:33:105:Infinity":37,"s:106:4:106:Infinity":38,"s:107:4:107:Infinity":39,"f:110:17:110:33":10,"s:111:4:111:Infinity":40,"s:112:4:112:Infinity":41,"s:115:2:115:Infinity":42,"f:115:2:115:18":11,"s:115:20:115:30":43,"s:117:8:124:21":44,"f:117:18:117:32":12,"s:118:17:118:96":45,"f:118:31:118:39":13,"s:118:45:118:96":46,"b:118:45:118:72:118:72:118:96":3,"s:119:4:123:Infinity":47,"f:120:19:120:27":14,"s:120:33:120:55":48,"f:121:18:121:26":15,"s:121:32:121:53":49,"f:122:19:122:27":16,"s:122:33:122:70":50,"s:126:22:126:48":51,"s:127:21:127:46":52,"s:128:22:128:48":53,"s:130:2:210:Infinity":54,"b:145:7:145:Infinity:146:8:165:Infinity":4,"f:180:10:180:21":17,"s:180:27:180:52":55,"b:183:9:183:Infinity:184:10:186:Infinity":5,"f:184:43:184:58":18,"s:184:58:184:71":56,"f:191:14:191:19":19,"s:192:10:198:Infinity":57,"b:194:60:194:83:194:83:194:Infinity":6,"f:195:12:195:27":20,"s:195:27:195:47":58,"b:203:8:205:9:205:8:210:Infinity":7}}}
,"/Users/chetachiihekwaba/Desktop/SubRadar/src/dashboard/SubscriptionCard.tsx": {"path":"/Users/chetachiihekwaba/Desktop/SubRadar/src/dashboard/SubscriptionCard.tsx","statementMap":{"0":{"start":{"line":13,"column":46},"end":{"line":17,"column":null}},"1":{"start":{"line":19,"column":60},"end":{"line":23,"column":null}},"2":{"start":{"line":25,"column":45},"end":{"line":29,"column":null}},"3":{"start":{"line":31,"column":50},"end":{"line":35,"column":null}},"4":{"start":{"line":37,"column":24},"end":{"line":41,"column":null}},"5":{"start":{"line":44,"column":13},"end":{"line":44,"column":null}},"6":{"start":{"line":45,"column":2},"end":{"line":46,"column":null}},"7":{"start":{"line":45,"column":15},"end":{"line":45,"column":18}},"8":{"start":{"line":46,"column":4},"end":{"line":46,"column":null}},"9":{"start":{"line":48,"column":2},"end":{"line":48,"column":null}},"10":{"start":{"line":52,"column":2},"end":{"line":59,"column":null}},"11":{"start":{"line":53,"column":4},"end":{"line":57,"column":null}},"12":{"start":{"line":59,"column":4},"end":{"line":59,"column":null}},"13":{"start":{"line":64,"column":15},"end":{"line":64,"column":92}},"14":{"start":{"line":65,"column":2},"end":{"line":65,"column":null}},"15":{"start":{"line":65,"column":16},"end":{"line":65,"column":null}},"16":{"start":{"line":66,"column":2},"end":{"line":66,"column":null}},"17":{"start":{"line":66,"column":18},"end":{"line":66,"column":null}},"18":{"start":{"line":67,"column":2},"end":{"line":67,"column":null}},"19":{"start":{"line":67,"column":18},"end":{"line":67,"column":null}},"20":{"start":{"line":68,"column":2},"end":{"line":68,"column":null}},"21":{"start":{"line":68,"column":17},"end":{"line":68,"column":null}},"22":{"start":{"line":69,"column":2},"end":{"line":69,"column":null}},"23":{"start":{"line":69,"column":18},"end":{"line":69,"column":null}},"24":{"start":{"line":70,"column":2},"end":{"line":70,"column":null}},"25":{"start":{"line":80,"column":20},"end":{"line":80,"column":51}},"26":{"start":{"line":81,"column":19},"end":{"line":81,"column":47}},"27":{"start":{"line":83,"column":2},"end":{"line":92,"column":null}},"28":{"start":{"line":84,"column":4},"end":{"line":92,"column":null}},"29":{"start":{"line":90,"column":25},"end":{"line":90,"column":null}},"30":{"start":{"line":96,"column":2},"end":{"line":99,"column":null}},"31":{"start":{"line":104,"column":18},"end":{"line":104,"column":47}},"32":{"start":{"line":106,"column":18},"end":{"line":106,"column":null}},"33":{"start":{"line":107,"column":18},"end":{"line":107,"column":51}},"34":{"start":{"line":108,"column":23},"end":{"line":108,"column":null}},"35":{"start":{"line":109,"column":20},"end":{"line":109,"column":null}},"36":{"start":{"line":111,"column":2},"end":{"line":179,"column":null}},"37":{"start":{"line":118,"column":22},"end":{"line":118,"column":44}},"38":{"start":{"line":119,"column":10},"end":{"line":130,"column":null}},"39":{"start":{"line":168,"column":60},"end":{"line":168,"column":76}},"40":{"start":{"line":175,"column":26},"end":{"line":175,"column":45}},"41":{"start":{"line":175,"column":45},"end":{"line":175,"column":null}},"42":{"start":{"line":176,"column":25},"end":{"line":176,"column":null}}},"fnMap":{"0":{"name":"getMonogramColor","decl":{"start":{"line":43,"column":9},"end":{"line":43,"column":26}},"loc":{"start":{"line":43,"column":48},"end":{"line":48,"column":null}},"line":43},"1":{"name":"formatDate","decl":{"start":{"line":51,"column":9},"end":{"line":51,"column":20}},"loc":{"start":{"line":51,"column":45},"end":{"line":59,"column":null}},"line":51},"2":{"name":"relativeLabel","decl":{"start":{"line":63,"column":9},"end":{"line":63,"column":23}},"loc":{"start":{"line":63,"column":93},"end":{"line":70,"column":null}},"line":63},"3":{"name":"ServiceLogo","decl":{"start":{"line":79,"column":9},"end":{"line":79,"column":21}},"loc":{"start":{"line":79,"column":59},"end":{"line":99,"column":null}},"line":79},"4":{"name":"(anonymous_4)","decl":{"start":{"line":90,"column":10},"end":{"line":90,"column":25}},"loc":{"start":{"line":90,"column":25},"end":{"line":90,"column":null}},"line":90},"5":{"name":"SubscriptionCard","decl":{"start":{"line":103,"column":24},"end":{"line":103,"column":41}},"loc":{"start":{"line":103,"column":89},"end":{"line":179,"column":null}},"line":103},"6":{"name":"(anonymous_6)","decl":{"start":{"line":117,"column":9},"end":{"line":117,"column":27}},"loc":{"start":{"line":117,"column":27},"end":{"line":132,"column":null}},"line":117},"7":{"name":"(anonymous_7)","decl":{"start":{"line":168,"column":45},"end":{"line":168,"column":60}},"loc":{"start":{"line":168,"column":60},"end":{"line":168,"column":76}},"line":168},"8":{"name":"(anonymous_8)","decl":{"start":{"line":175,"column":10},"end":{"line":175,"column":24}},"loc":{"start":{"line":175,"column":24},"end":{"line":175,"column":null}},"line":175},"9":{"name":"(anonymous_9)","decl":{"start":{"line":176,"column":10},"end":{"line":176,"column":25}},"loc":{"start":{"line":176,"column":25},"end":{"line":176,"column":null}},"line":176}},"branchMap":{"0":{"loc":{"start":{"line":65,"column":2},"end":{"line":65,"column":null}},"type":"if","locations":[{"start":{"line":65,"column":2},"end":{"line":65,"column":null}},{"start":{},"end":{}}],"line":65},"1":{"loc":{"start":{"line":66,"column":2},"end":{"line":66,"column":null}},"type":"if","locations":[{"start":{"line":66,"column":2},"end":{"line":66,"column":null}},{"start":{},"end":{}}],"line":66},"2":{"loc":{"start":{"line":67,"column":2},"end":{"line":67,"column":null}},"type":"if","locations":[{"start":{"line":67,"column":2},"end":{"line":67,"column":null}},{"start":{},"end":{}}],"line":67},"3":{"loc":{"start":{"line":68,"column":2},"end":{"line":68,"column":null}},"type":"if","locations":[{"start":{"line":68,"column":2},"end":{"line":68,"column":null}},{"start":{},"end":{}}],"line":68},"4":{"loc":{"start":{"line":69,"column":2},"end":{"line":69,"column":null}},"type":"if","locations":[{"start":{"line":69,"column":2},"end":{"line":69,"column":null}},{"start":{},"end":{}}],"line":69},"5":{"loc":{"start":{"line":83,"column":2},"end":{"line":92,"column":null}},"type":"if","locations":[{"start":{"line":83,"column":2},"end":{"line":92,"column":null}},{"start":{},"end":{}}],"line":83},"6":{"loc":{"start":{"line":83,"column":6},"end":{"line":83,"column":28}},"type":"binary-expr","locations":[{"start":{"line":83,"column":6},"end":{"line":83,"column":16}},{"start":{"line":83,"column":16},"end":{"line":83,"column":28}}],"line":83},"7":{"loc":{"start":{"line":106,"column":18},"end":{"line":106,"column":null}},"type":"binary-expr","locations":[{"start":{"line":106,"column":18},"end":{"line":106,"column":37}},{"start":{"line":106,"column":37},"end":{"line":106,"column":null}}],"line":106},"8":{"loc":{"start":{"line":109,"column":20},"end":{"line":109,"column":null}},"type":"binary-expr","locations":[{"start":{"line":109,"column":20},"end":{"line":109,"column":53}},{"start":{"line":109,"column":53},"end":{"line":109,"column":null}}],"line":109},"9":{"loc":{"start":{"line":117,"column":9},"end":{"line":132,"column":null}},"type":"binary-expr","locations":[{"start":{"line":117,"column":9},"end":{"line":117,"column":27}},{"start":{"line":117,"column":9},"end":{"line":132,"column":null}}],"line":117},"10":{"loc":{"start":{"line":126,"column":48},"end":{"line":126,"column":null}},"type":"cond-expr","locations":[{"start":{"line":126,"column":62},"end":{"line":126,"column":96}},{"start":{"line":126,"column":96},"end":{"line":126,"column":null}}],"line":126},"11":{"loc":{"start":{"line":140,"column":13},"end":{"line":143,"column":null}},"type":"binary-expr","locations":[{"start":{"line":140,"column":13},"end":{"line":140,"column":null}},{"start":{"line":141,"column":14},"end":{"line":143,"column":null}}],"line":140},"12":{"loc":{"start":{"line":150,"column":15},"end":{"line":154,"column":null}},"type":"binary-expr","locations":[{"start":{"line":150,"column":15},"end":{"line":150,"column":null}},{"start":{"line":151,"column":16},"end":{"line":154,"column":null}}],"line":150},"13":{"loc":{"start":{"line":153,"column":19},"end":{"line":154,"column":null}},"type":"binary-expr","locations":[{"start":{"line":153,"column":19},"end":{"line":153,"column":43}},{"start":{"line":153,"column":43},"end":{"line":153,"column":null}},{"start":{"line":154,"column":20},"end":{"line":154,"column":null}}],"line":153},"14":{"loc":{"start":{"line":164,"column":40},"end":{"line":164,"column":null}},"type":"binary-expr","locations":[{"start":{"line":164,"column":40},"end":{"line":164,"column":68}},{"start":{"line":164,"column":68},"end":{"line":164,"column":null}}],"line":164},"15":{"loc":{"start":{"line":166,"column":13},"end":{"line":166,"column":null}},"type":"binary-expr","locations":[{"start":{"line":166,"column":13},"end":{"line":166,"column":42}},{"start":{"line":166,"column":42},"end":{"line":166,"column":null}}],"line":166},"16":{"loc":{"start":{"line":172,"column":7},"end":{"line":179,"column":null}},"type":"binary-expr","locations":[{"start":{"line":172,"column":7},"end":{"line":172,"column":null}},{"start":{"line":173,"column":8},"end":{"line":179,"column":null}}],"line":172}},"s":{"0":0,"1":0,"2":0,"3":0,"4":0,"5":0,"6":0,"7":0,"8":0,"9":0,"10":0,"11":0,"12":0,"13":0,"14":0,"15":0,"16":0,"17":0,"18":0,"19":0,"20":0,"21":0,"22":0,"23":0,"24":0,"25":0,"26":0,"27":0,"28":0,"29":0,"30":0,"31":0,"32":0,"33":0,"34":0,"35":0,"36":0,"37":0,"38":0,"39":0,"40":0,"41":0,"42":0},"f":{"0":0,"1":0,"2":0,"3":0,"4":0,"5":0,"6":0,"7":0,"8":0,"9":0},"b":{"0":[0,0],"1":[0,0],"2":[0,0],"3":[0,0],"4":[0,0],"5":[0,0],"6":[0,0],"7":[0,0],"8":[0,0],"9":[0,0],"10":[0,0],"11":[0,0],"12":[0,0],"13":[0,0,0],"14":[0,0],"15":[0,0],"16":[0,0]},"meta":{"lastBranch":17,"lastFunction":10,"lastStatement":43,"seen":{"s:13:46:17:Infinity":0,"s:19:60:23:Infinity":1,"s:25:45:29:Infinity":2,"s:31:50:35:Infinity":3,"s:37:24:41:Infinity":4,"f:43:9:43:26":0,"s:44:13:44:Infinity":5,"s:45:2:46:Infinity":6,"s:45:15:45:18":7,"s:46:4:46:Infinity":8,"s:48:2:48:Infinity":9,"f:51:9:51:20":1,"s:52:2:59:Infinity":10,"s:53:4:57:Infinity":11,"s:59:4:59:Infinity":12,"f:63:9:63:23":2,"s:64:15:64:92":13,"b:65:2:65:Infinity:undefined:undefined:undefined:undefined":0,"s:65:2:65:Infinity":14,"s:65:16:65:Infinity":15,"b:66:2:66:Infinity:undefined:undefined:undefined:undefined":1,"s:66:2:66:Infinity":16,"s:66:18:66:Infinity":17,"b:67:2:67:Infinity:undefined:undefined:undefined:undefined":2,"s:67:2:67:Infinity":18,"s:67:18:67:Infinity":19,"b:68:2:68:Infinity:undefined:undefined:undefined:undefined":3,"s:68:2:68:Infinity":20,"s:68:17:68:Infinity":21,"b:69:2:69:Infinity:undefined:undefined:undefined:undefined":4,"s:69:2:69:Infinity":22,"s:69:18:69:Infinity":23,"s:70:2:70:Infinity":24,"f:79:9:79:21":3,"s:80:20:80:51":25,"s:81:19:81:47":26,"b:83:2:92:Infinity:undefined:undefined:undefined:undefined":5,"s:83:2:92:Infinity":27,"b:83:6:83:16:83:16:83:28":6,"s:84:4:92:Infinity":28,"f:90:10:90:25":4,"s:90:25:90:Infinity":29,"s:96:2:99:Infinity":30,"f:103:24:103:41":5,"s:104:18:104:47":31,"s:106:18:106:Infinity":32,"b:106:18:106:37:106:37:106:Infinity":7,"s:107:18:107:51":33,"s:108:23:108:Infinity":34,"s:109:20:109:Infinity":35,"b:109:20:109:53:109:53:109:Infinity":8,"s:111:2:179:Infinity":36,"b:117:9:117:27:117:9:132:Infinity":9,"f:117:9:117:27":6,"s:118:22:118:44":37,"s:119:10:130:Infinity":38,"b:126:62:126:96:126:96:126:Infinity":10,"b:140:13:140:Infinity:141:14:143:Infinity":11,"b:150:15:150:Infinity:151:16:154:Infinity":12,"b:153:19:153:43:153:43:153:Infinity:154:20:154:Infinity":13,"b:164:40:164:68:164:68:164:Infinity":14,"b:166:13:166:42:166:42:166:Infinity":15,"f:168:45:168:60":7,"s:168:60:168:76":39,"b:172:7:172:Infinity:173:8:179:Infinity":16,"f:175:10:175:24":8,"s:175:26:175:45":40,"s:175:45:175:Infinity":41,"f:176:10:176:25":9,"s:176:25:176:Infinity":42}}}
,"/Users/chetachiihekwaba/Desktop/SubRadar/src/dashboard/SubscriptionEditor.tsx": {"path":"/Users/chetachiihekwaba/Desktop/SubRadar/src/dashboard/SubscriptionEditor.tsx","statementMap":{"0":{"start":{"line":13,"column":73},"end":{"line":29,"column":null}},"1":{"start":{"line":33,"column":22},"end":{"line":33,"column":65}},"2":{"start":{"line":34,"column":17},"end":{"line":34,"column":58}},"3":{"start":{"line":35,"column":23},"end":{"line":35,"column":74}},"4":{"start":{"line":36,"column":22},"end":{"line":36,"column":71}},"5":{"start":{"line":37,"column":15},"end":{"line":37,"column":62}},"6":{"start":{"line":38,"column":26},"end":{"line":38,"column":83}},"7":{"start":{"line":39,"column":17},"end":{"line":39,"column":45}},"8":{"start":{"line":40,"column":16},"end":{"line":40,"column":57}},"9":{"start":{"line":41,"column":8},"end":{"line":41,"column":47}},"10":{"start":{"line":44,"column":4},"end":{"line":44,"column":null}},"11":{"start":{"line":44,"column":31},"end":{"line":44,"column":70}},"12":{"start":{"line":44,"column":70},"end":{"line":44,"column":null}},"13":{"start":{"line":45,"column":4},"end":{"line":45,"column":null}},"14":{"start":{"line":46,"column":4},"end":{"line":46,"column":null}},"15":{"start":{"line":47,"column":4},"end":{"line":61,"column":null}},"16":{"start":{"line":48,"column":20},"end":{"line":48,"column":42}},"17":{"start":{"line":49,"column":6},"end":{"line":56,"column":null}},"18":{"start":{"line":57,"column":6},"end":{"line":57,"column":null}},"19":{"start":{"line":59,"column":6},"end":{"line":59,"column":null}},"20":{"start":{"line":61,"column":6},"end":{"line":61,"column":null}},"21":{"start":{"line":65,"column":29},"end":{"line":65,"column":null}},"22":{"start":{"line":65,"column":56},"end":{"line":65,"column":75}},"23":{"start":{"line":67,"column":2},"end":{"line":117,"column":null}},"24":{"start":{"line":75,"column":24},"end":{"line":75,"column":43}},"25":{"start":{"line":85,"column":75},"end":{"line":85,"column":109}},"26":{"start":{"line":88,"column":90},"end":{"line":88,"column":125}},"27":{"start":{"line":89,"column":37},"end":{"line":89,"column":null}},"28":{"start":{"line":94,"column":88},"end":{"line":94,"column":123}},"29":{"start":{"line":97,"column":87},"end":{"line":97,"column":121}},"30":{"start":{"line":102,"column":130},"end":{"line":102,"column":157}},"31":{"start":{"line":106,"column":79},"end":{"line":106,"column":113}}},"fnMap":{"0":{"name":"SubscriptionEditor","decl":{"start":{"line":32,"column":24},"end":{"line":32,"column":43}},"loc":{"start":{"line":32,"column":90},"end":{"line":117,"column":null}},"line":32},"1":{"name":"handleSave","decl":{"start":{"line":43,"column":17},"end":{"line":43,"column":30}},"loc":{"start":{"line":43,"column":30},"end":{"line":61,"column":null}},"line":43},"2":{"name":"(anonymous_2)","decl":{"start":{"line":65,"column":44},"end":{"line":65,"column":50}},"loc":{"start":{"line":65,"column":56},"end":{"line":65,"column":75}},"line":65},"3":{"name":"(anonymous_3)","decl":{"start":{"line":75,"column":8},"end":{"line":75,"column":18}},"loc":{"start":{"line":75,"column":24},"end":{"line":75,"column":43}},"line":75},"4":{"name":"(anonymous_4)","decl":{"start":{"line":85,"column":58},"end":{"line":85,"column":69}},"loc":{"start":{"line":85,"column":75},"end":{"line":85,"column":109}},"line":85},"5":{"name":"(anonymous_5)","decl":{"start":{"line":88,"column":73},"end":{"line":88,"column":84}},"loc":{"start":{"line":88,"column":90},"end":{"line":88,"column":125}},"line":88},"6":{"name":"(anonymous_6)","decl":{"start":{"line":89,"column":26},"end":{"line":89,"column":31}},"loc":{"start":{"line":89,"column":37},"end":{"line":89,"column":null}},"line":89},"7":{"name":"(anonymous_7)","decl":{"start":{"line":94,"column":71},"end":{"line":94,"column":82}},"loc":{"start":{"line":94,"column":88},"end":{"line":94,"column":123}},"line":94},"8":{"name":"(anonymous_8)","decl":{"start":{"line":97,"column":70},"end":{"line":97,"column":81}},"loc":{"start":{"line":97,"column":87},"end":{"line":97,"column":121}},"line":97},"9":{"name":"(anonymous_9)","decl":{"start":{"line":102,"column":113},"end":{"line":102,"column":124}},"loc":{"start":{"line":102,"column":130},"end":{"line":102,"column":157}},"line":102},"10":{"name":"(anonymous_10)","decl":{"start":{"line":106,"column":62},"end":{"line":106,"column":73}},"loc":{"start":{"line":106,"column":79},"end":{"line":106,"column":113}},"line":106}},"branchMap":{"0":{"loc":{"start":{"line":35,"column":51},"end":{"line":35,"column":74}},"type":"binary-expr","locations":[{"start":{"line":35,"column":51},"end":{"line":35,"column":71}},{"start":{"line":35,"column":71},"end":{"line":35,"column":74}}],"line":35},"1":{"loc":{"start":{"line":36,"column":49},"end":{"line":36,"column":71}},"type":"binary-expr","locations":[{"start":{"line":36,"column":49},"end":{"line":36,"column":68}},{"start":{"line":36,"column":68},"end":{"line":36,"column":71}}],"line":36},"2":{"loc":{"start":{"line":37,"column":35},"end":{"line":37,"column":62}},"type":"binary-expr","locations":[{"start":{"line":37,"column":35},"end":{"line":37,"column":55}},{"start":{"line":37,"column":59},"end":{"line":37,"column":62}}],"line":37},"3":{"loc":{"start":{"line":38,"column":57},"end":{"line":38,"column":83}},"type":"binary-expr","locations":[{"start":{"line":38,"column":57},"end":{"line":38,"column":80}},{"start":{"line":38,"column":80},"end":{"line":38,"column":83}}],"line":38},"4":{"loc":{"start":{"line":44,"column":4},"end":{"line":44,"column":null}},"type":"if","locations":[{"start":{"line":44,"column":4},"end":{"line":44,"column":null}},{"start":{},"end":{}}],"line":44},"5":{"loc":{"start":{"line":52,"column":22},"end":{"line":52,"column":null}},"type":"binary-expr","locations":[{"start":{"line":52,"column":22},"end":{"line":52,"column":38}},{"start":{"line":52,"column":38},"end":{"line":52,"column":null}}],"line":52},"6":{"loc":{"start":{"line":53,"column":21},"end":{"line":53,"column":null}},"type":"binary-expr","locations":[{"start":{"line":53,"column":21},"end":{"line":53,"column":36}},{"start":{"line":53,"column":36},"end":{"line":53,"column":null}}],"line":53},"7":{"loc":{"start":{"line":54,"column":14},"end":{"line":54,"column":null}},"type":"cond-expr","locations":[{"start":{"line":54,"column":21},"end":{"line":54,"column":37}},{"start":{"line":54,"column":40},"end":{"line":54,"column":null}}],"line":54},"8":{"loc":{"start":{"line":55,"column":25},"end":{"line":55,"column":null}},"type":"binary-expr","locations":[{"start":{"line":55,"column":25},"end":{"line":55,"column":44}},{"start":{"line":55,"column":44},"end":{"line":55,"column":null}}],"line":55},"9":{"loc":{"start":{"line":91,"column":9},"end":{"line":91,"column":null}},"type":"binary-expr","locations":[{"start":{"line":91,"column":9},"end":{"line":91,"column":31}},{"start":{"line":91,"column":31},"end":{"line":91,"column":null}}],"line":91},"10":{"loc":{"start":{"line":101,"column":49},"end":{"line":101,"column":122}},"type":"cond-expr","locations":[{"start":{"line":101,"column":74},"end":{"line":101,"column":80}},{"start":{"line":101,"column":80},"end":{"line":101,"column":122}}],"line":101},"11":{"loc":{"start":{"line":101,"column":80},"end":{"line":101,"column":122}},"type":"cond-expr","locations":[{"start":{"line":101,"column":105},"end":{"line":101,"column":111}},{"start":{"line":101,"column":111},"end":{"line":101,"column":122}}],"line":101},"12":{"loc":{"start":{"line":108,"column":9},"end":{"line":108,"column":null}},"type":"binary-expr","locations":[{"start":{"line":108,"column":9},"end":{"line":108,"column":18}},{"start":{"line":108,"column":18},"end":{"line":108,"column":null}}],"line":108},"13":{"loc":{"start":{"line":113,"column":13},"end":{"line":113,"column":null}},"type":"cond-expr","locations":[{"start":{"line":113,"column":22},"end":{"line":113,"column":34}},{"start":{"line":113,"column":34},"end":{"line":113,"column":null}}],"line":113}},"s":{"0":0,"1":0,"2":0,"3":0,"4":0,"5":0,"6":0,"7":0,"8":0,"9":0,"10":0,"11":0,"12":0,"13":0,"14":0,"15":0,"16":0,"17":0,"18":0,"19":0,"20":0,"21":0,"22":0,"23":0,"24":0,"25":0,"26":0,"27":0,"28":0,"29":0,"30":0,"31":0},"f":{"0":0,"1":0,"2":0,"3":0,"4":0,"5":0,"6":0,"7":0,"8":0,"9":0,"10":0},"b":{"0":[0,0],"1":[0,0],"2":[0,0],"3":[0,0],"4":[0,0],"5":[0,0],"6":[0,0],"7":[0,0],"8":[0,0],"9":[0,0],"10":[0,0],"11":[0,0],"12":[0,0],"13":[0,0]},"meta":{"lastBranch":14,"lastFunction":11,"lastStatement":32,"seen":{"s:13:73:29:Infinity":0,"f:32:24:32:43":0,"s:33:22:33:65":1,"s:34:17:34:58":2,"s:35:23:35:74":3,"b:35:51:35:71:35:71:35:74":0,"s:36:22:36:71":4,"b:36:49:36:68:36:68:36:71":1,"s:37:15:37:62":5,"b:37:35:37:55:37:59:37:62":2,"s:38:26:38:83":6,"b:38:57:38:80:38:80:38:83":3,"s:39:17:39:45":7,"s:40:16:40:57":8,"s:41:8:41:47":9,"f:43:17:4
[...]
/Users/chetachiihekwaba/Desktop/SubRadar/src/services/statusService.ts": {"path":"/Users/chetachiihekwaba/Desktop/SubRadar/src/services/statusService.ts","statementMap":{"0":{"start":{"line":10,"column":34},"end":{"line":10,"column":null}},"1":{"start":{"line":12,"column":2},"end":{"line":16,"column":null}},"2":{"start":{"line":13,"column":4},"end":{"line":13,"column":null}},"3":{"start":{"line":13,"column":64},"end":{"line":13,"column":null}},"4":{"start":{"line":14,"column":4},"end":{"line":16,"column":null}},"5":{"start":{"line":14,"column":33},"end":{"line":14,"column":null}},"6":{"start":{"line":15,"column":13},"end":{"line":16,"column":null}},"7":{"start":{"line":15,"column":37},"end":{"line":15,"column":null}},"8":{"start":{"line":16,"column":9},"end":{"line":16,"column":null}},"9":{"start":{"line":19,"column":2},"end":{"line":19,"column":null}}},"fnMap":{"0":{"name":"groupByIntent","decl":{"start":{"line":9,"column":16},"end":{"line":9,"column":30}},"loc":{"start":{"line":9,"column":78},"end":{"line":19,"column":null}},"line":9}},"branchMap":{"0":{"loc":{"start":{"line":13,"column":4},"end":{"line":13,"column":null}},"type":"if","locations":[{"start":{"line":13,"column":4},"end":{"line":13,"column":null}},{"start":{},"end":{}}],"line":13},"1":{"loc":{"start":{"line":13,"column":8},"end":{"line":13,"column":64}},"type":"binary-expr","locations":[{"start":{"line":13,"column":8},"end":{"line":13,"column":37}},{"start":{"line":13,"column":37},"end":{"line":13,"column":64}}],"line":13},"2":{"loc":{"start":{"line":14,"column":4},"end":{"line":16,"column":null}},"type":"if","locations":[{"start":{"line":14,"column":4},"end":{"line":16,"column":null}},{"start":{"line":15,"column":13},"end":{"line":16,"column":null}}],"line":14},"3":{"loc":{"start":{"line":15,"column":13},"end":{"line":16,"column":null}},"type":"if","locations":[{"start":{"line":15,"column":13},"end":{"line":16,"column":null}},{"start":{"line":16,"column":9},"end":{"line":16,"column":null}}],"line":15}},"s":{"0":8,"1":8,"2":13,"3":4,"4":9,"5":4,"6":5,"7":3,"8":2,"9":8},"f":{"0":8},"b":{"0":[4,9],"1":[13,11],"2":[4,5],"3":[3,2]},"meta":{"lastBranch":4,"lastFunction":1,"lastStatement":10,"seen":{"f:9:16:9:30":0,"s:10:34:10:Infinity":0,"s:12:2:16:Infinity":1,"b:13:4:13:Infinity:undefined:undefined:undefined:undefined":0,"s:13:4:13:Infinity":2,"b:13:8:13:37:13:37:13:64":1,"s:13:64:13:Infinity":3,"b:14:4:16:Infinity:15:13:16:Infinity":2,"s:14:4:16:Infinity":4,"s:14:33:14:Infinity":5,"b:15:13:16:Infinity:16:9:16:Infinity":3,"s:15:13:16:Infinity":6,"s:15:37:15:Infinity":7,"s:16:9:16:Infinity":8,"s:19:2:19:Infinity":9}}}
,"/Users/chetachiihekwaba/Desktop/SubRadar/src/services/subscriptionService.ts": {"path":"/Users/chetachiihekwaba/Desktop/SubRadar/src/services/subscriptionService.ts","statementMap":{"0":{"start":{"line":15,"column":8},"end":{"line":15,"column":44}},"1":{"start":{"line":16,"column":2},"end":{"line":16,"column":null}},"2":{"start":{"line":16,"column":25},"end":{"line":16,"column":null}},"3":{"start":{"line":19,"column":4},"end":{"line":21,"column":null}},"4":{"start":{"line":23,"column":2},"end":{"line":28,"column":null}},"5":{"start":{"line":36,"column":8},"end":{"line":36,"column":44}},"6":{"start":{"line":37,"column":2},"end":{"line":37,"column":null}},"7":{"start":{"line":37,"column":25},"end":{"line":37,"column":null}},"8":{"start":{"line":39,"column":19},"end":{"line":39,"column":53}},"9":{"start":{"line":40,"column":2},"end":{"line":40,"column":null}},"10":{"start":{"line":40,"column":17},"end":{"line":40,"column":null}},"11":{"start":{"line":42,"column":17},"end":{"line":42,"column":null}},"12":{"start":{"line":44,"column":4},"end":{"line":46,"column":null}},"13":{"start":{"line":48,"column":2},"end":{"line":48,"column":null}},"14":{"start":{"line":52,"column":2},"end":{"line":52,"column":null}},"15":{"start":{"line":56,"column":2},"end":{"line":56,"column":null}},"16":{"start":{"line":60,"column":14},"end":{"line":60,"column":48}},"17":{"start":{"line":61,"column":2},"end":{"line":61,"column":null}},"18":{"start":{"line":61,"column":12},"end":{"line":61,"column":null}},"19":{"start":{"line":63,"column":8},"end":{"line":63,"column":37}},"20":{"start":{"line":66,"column":2},"end":{"line":68,"column":null}},"21":{"start":{"line":67,"column":22},"end":{"line":67,"column":66}},"22":{"start":{"line":68,"column":4},"end":{"line":68,"column":null}},"23":{"start":{"line":71,"column":2},"end":{"line":75,"column":null}},"24":{"start":{"line":79,"column":2},"end":{"line":79,"column":null}},"25":{"start":{"line":83,"column":2},"end":{"line":88,"column":null}},"26":{"start":{"line":84,"column":19},"end":{"line":84,"column":null}},"27":{"start":{"line":85,"column":20},"end":{"line":85,"column":null}},"28":{"start":{"line":86,"column":22},"end":{"line":86,"column":null}},"29":{"start":{"line":87,"column":19},"end":{"line":87,"column":null}},"30":{"start":{"line":88,"column":13},"end":{"line":88,"column":null}}},"fnMap":{"0":{"name":"createSubscription","decl":{"start":{"line":11,"column":22},"end":{"line":11,"column":null}},"loc":{"start":{"line":14,"column":25},"end":{"line":28,"column":null}},"line":14},"1":{"name":"updateSubscription","decl":{"start":{"line":31,"column":22},"end":{"line":31,"column":null}},"loc":{"start":{"line":35,"column":25},"end":{"line":48,"column":null}},"line":35},"2":{"name":"archiveSubscription","decl":{"start":{"line":51,"column":22},"end":{"line":51,"column":42}},"loc":{"start":{"line":51,"column":77},"end":{"line":52,"column":null}},"line":51},"3":{"name":"cancelSubscription","decl":{"start":{"line":55,"column":22},"end":{"line":55,"column":41}},"loc":{"start":{"line":55,"column":76},"end":{"line":56,"column":null}},"line":55},"4":{"name":"markRenewed","decl":{"start":{"line":59,"column":22},"end":{"line":59,"column":34}},"loc":{"start":{"line":59,"column":69},"end":{"line":75,"column":null}},"line":59},"5":{"name":"setSnooze","decl":{"start":{"line":78,"column":22},"end":{"line":78,"column":32}},"loc":{"start":{"line":78,"column":82},"end":{"line":79,"column":null}},"line":78},"6":{"name":"billingFrequencyToDays","decl":{"start":{"line":82,"column":9},"end":{"line":82,"column":32}},"loc":{"start":{"line":82,"column":71},"end":{"line":88,"column":null}},"line":82}},"branchMap":{"0":{"loc":{"start":{"line":16,"column":2},"end":{"line":16,"column":null}},"type":"if","locations":[{"start":{"line":16,"column":2},"end":{"line":16,"column":null}},{"start":{},"end":{}}],"line":16},"1":{"loc":{"start":{"line":19,"column":4},"end":{"line":21,"column":null}},"type":"binary-expr","locations":[{"start":{"line":19,"column":4},"end":{"line":19,"column":null}},{"start":{"line":19,"column":10},"end":{"line":20,"column":77}},{"start":{"line":21,"column":4},"end":{"line":21,"column":null}}],"line":19},"2":{"loc":{"start":{"line":37,"column":2},"end":{"line":37,"column":null}},"type":"if","locations":[{"start":{"line":37,"column":2},"end":{"line":37,"column":null}},{"start":{},"end":{}}],"line":37},"3":{"loc":{"start":{"line":40,"column":2},"end":{"line":40,"column":null}},"type":"if","locations":[{"start":{"line":40,"column":2},"end":{"line":40,"column":null}},{"start":{},"end":{}}],"line":40},"4":{"loc":{"start":{"line":44,"column":4},"end":{"line":46,"column":null}},"type":"binary-expr","locations":[{"start":{"line":44,"column":4},"end":{"line":44,"column":null}},{"start":{"line":44,"column":10},"end":{"line":45,"column":71}},{"start":{"line":46,"column":4},"end":{"line":46,"column":null}}],"line":44},"5":{"loc":{"start":{"line":61,"column":2},"end":{"line":61,"column":null}},"type":"if","locations":[{"start":{"line":61,"column":2},"end":{"line":61,"column":null}},{"start":{},"end":{}}],"line":61},"6":{"loc":{"start":{"line":66,"column":2},"end":{"line":68,"column":null}},"type":"if","locations":[{"start":{"line":66,"column":2},"end":{"line":68,"column":null}},{"start":{},"end":{}}],"line":66},"7":{"loc":{"start":{"line":66,"column":6},"end":{"line":66,"column":39}},"type":"binary-expr","locations":[{"start":{"line":66,"column":6},"end":{"line":66,"column":17}},{"start":{"line":66,"column":17},"end":{"line":66,"column":39}}],"line":66},"8":{"loc":{"start":{"line":68,"column":22},"end":{"line":68,"column":null}},"type":"cond-expr","locations":[{"start":{"line":68,"column":22},"end":{"line":68,"column":61}},{"start":{"line":68,"column":64},"end":{"line":68,"column":null}}],"line":68},"9":{"loc":{"start":{"line":83,"column":2},"end":{"line":88,"column":null}},"type":"switch","locations":[{"start":{"line":84,"column":4},"end":{"line":84,"column":null}},{"start":{"line":85,"column":4},"end":{"line":85,"column":null}},{"start":{"line":86,"column":4},"end":{"line":86,"column":null}},{"start":{"line":87,"column":4},"end":{"line":87,"column":null}},{"start":{"line":88,"column":4},"end":{"line":88,"column":null}}],"line":83}},"s":{"0":12,"1":12,"2":2,"3":10,"4":12,"5":4,"6":4,"7":1,"8":3,"9":3,"10":1,"11":2,"12":2,"13":4,"14":3,"15":1,"16":6,"17":6,"18":1,"19":5,"20":5,"21":5,"22":5,"23":5,"24":2,"25":5,"26":0,"27":3,"28":0,"29":1,"30":1},"f":{"0":12,"1":4,"2":3,"3":1,"4":6,"5":2,"6":5},"b":{"0":[2,10],"1":[10,9,4],"2":[1,3],"3":[1,2],"4":[2,2,1],"5":[1,5],"6":[5,0],"7":[5,5],"8":[4,1],"9":[0,3,0,1,1]},"meta":{"lastBranch":10,"lastFunction":7,"lastStatement":31,"seen":{"f:11:22:11:Infinity":0,"s:15:8:15:44":0,"b:16:2:16:Infinity:undefined:undefined:undefined:undefined":0,"s:16:2:16:Infinity":1,"s:16:25:16:Infinity":2,"s:19:4:21:Infinity":3,"b:19:4:19:Infinity:19:10:20:77:21:4:21:Infinity":1,"s:23:2:28:Infinity":4,"f:31:22:31:Infinity":1,"s:36:8:36:44":5,"b:37:2:37:Infinity:undefined:undefined:undefined:undefined":2,"s:37:2:37:Infinity":6,"s:37:25:37:Infinity":7,"s:39:19:39:53":8,"b:40:2:40:Infinity:undefined:undefined:undefined:undefined":3,"s:40:2:40:Infinity":9,"s:40:17:40:Infinity":10,"s:42:17:42:Infinity":11,"s:44:4:46:Infinity":12,"b:44:4:44:Infinity:44:10:45:71:46:4:46:Infinity":4,"s:48:2:48:Infinity":13,"f:51:22:51:42":2,"s:52:2:52:Infinity":14,"f:55:22:55:41":3,"s:56:2:56:Infinity":15,"f:59:22:59:34":4,"s:60:14:60:48":16,"b:61:2:61:Infinity:undefined:undefined:undefined:undefined":5,"s:61:2:61:Infinity":17,"s:61:12:61:Infinity":18,"s:63:8:63:37":19,"b:66:2:68:Infinity:undefined:undefined:undefined:undefined":6,"s:66:2:68:Infinity":20,"b:66:6:66:17:66:17:66:39":7,"s:67:22:67:66":21,"s:68:4:68:Infinity":22,"b:68:22:68:61:68:64:68:Infinity":8,"s:71:2:75:Infinity":23,"f:78:22:78:32":5,"s:79:2:79:Infinity":24,"f:82:9:82:32":6,"b:84:4:84:Infinity:85:4:85:Infinity:86:4:86:Infinity:87:4:87:Infinity:88:4:88:Infinity":9,"s:83:2:88:Infinity":25,"s:84:19:84:Infinity":26,"s:85:20:85:Infinity":27,"s:86:22:86:Infinity":28,"s:87:19:87:Infinity":29,"s:88:13:88:Infinity":30}}}
,"/Users/chetachiihekwaba/Desktop/SubRadar/src/types/preferences.ts": {"path":"/Users/chetachiihekwaba/Desktop/SubRadar/src/types/preferences.ts","statementMap":{},"fnMap":{},"branchMap":{},"s":{},"f":{},"b":{},"meta":{"lastBranch":0,"lastFunction":0,"lastStatement":0,"seen":{}}}
,"/Users/chetachiihekwaba/Desktop/SubRadar/src/types/reminder.ts": {"path":"/Users/chetachiihekwaba/Desktop/SubRadar/src/types/reminder.ts","statementMap":{},"fnMap":{},"branchMap":{},"s":{},"f":{},"b":{},"meta":{"lastBranch":0,"lastFunction":0,"lastStatement":0,"seen":{}}}
,"/Users/chetachiihekwaba/Desktop/SubRadar/src/types/subscription.ts": {"path":"/Users/chetachiihekwaba/Desktop/SubRadar/src/types/subscription.ts","statementMap":{},"fnMap":{},"branchMap":{},"s":{},"f":{},"b":{},"meta":{"lastBranch":0,"lastFunction":0,"lastStatement":0,"seen":{}}}
,"/Users/chetachiihekwaba/Desktop/SubRadar/src/utils/currency.ts": {"path":"/Users/chetachiihekwaba/Desktop/SubRadar/src/utils/currency.ts","statementMap":{"0":{"start":{"line":2,"column":2},"end":{"line":6,"column":null}}},"fnMap":{"0":{"name":"formatCurrency","decl":{"start":{"line":1,"column":16},"end":{"line":1,"column":31}},"loc":{"start":{"line":1,"column":73},"end":{"line":6,"column":null}},"line":1}},"branchMap":{"0":{"loc":{"start":{"line":1,"column":47},"end":{"line":1,"column":73}},"type":"default-arg","locations":[{"start":{"line":1,"column":58},"end":{"line":1,"column":73}}],"line":1}},"s":{"0":8},"f":{"0":8},"b":{"0":[8]},"meta":{"lastBranch":1,"lastFunction":1,"lastStatement":1,"seen":{"f:1:16:1:31":0,"b:1:58:1:73":0,"s:2:2:6:Infinity":0}}}
,"/Users/chetachiihekwaba/Desktop/SubRadar/src/utils/dates.ts": {"path":"/Users/chetachiihekwaba/Desktop/SubRadar/src/utils/dates.ts","statementMap":{"0":{"start":{"line":3,"column":2},"end":{"line":3,"column":null}},"1":{"start":{"line":8,"column":2},"end":{"line":8,"column":null}},"2":{"start":{"line":13,"column":2},"end":{"line":13,"column":null}},"3":{"start":{"line":18,"column":15},"end":{"line":18,"column":46}},"4":{"start":{"line":19,"column":2},"end":{"line":19,"column":null}},"5":{"start":{"line":20,"column":2},"end":{"line":20,"column":null}},"6":{"start":{"line":25,"column":2},"end":{"line":25,"column":null}},"7":{"start":{"line":30,"column":19},"end":{"line":30,"column":null}},"8":{"start":{"line":31,"column":16},"end":{"line":31,"column":51}},"9":{"start":{"line":32,"column":16},"end":{"line":32,"column":51}},"10":{"start":{"line":33,"column":2},"end":{"line":33,"column":null}},"11":{"start":{"line":38,"column":2},"end":{"line":38,"column":null}},"12":{"start":{"line":38,"column":42},"end":{"line":38,"column":null}},"13":{"start":{"line":39,"column":15},"end":{"line":39,"column":44}},"14":{"start":{"line":40,"column":2},"end":{"line":40,"column":null}}},"fnMap":{"0":{"name":"toISODate","decl":{"start":{"line":2,"column":16},"end":{"line":2,"column":26}},"loc":{"start":{"line":2,"column":46},"end":{"line":3,"column":null}},"line":2},"1":{"name":"today","decl":{"start":{"line":7,"column":16},"end":{"line":7,"column":32}},"loc":{"start":{"line":7,"column":32},"end":{"line":8,"column":null}},"line":7},"2":{"name":"isDateReached","decl":{"start":{"line":12,"column":16},"end":{"line":12,"column":30}},"loc":{"start":{"line":12,"column":56},"end":{"line":13,"column":null}},"line":12},"3":{"name":"addDays","decl":{"start":{"line":17,"column":16},"end":{"line":17,"column":24}},"loc":{"start":{"line":17,"column":63},"end":{"line":20,"column":null}},"line":17},"4":{"name":"subtractDays","decl":{"start":{"line":24,"column":16},"end":{"line":24,"column":29}},"loc":{"start":{"line":24,"column":68},"end":{"line":25,"column":null}},"line":24},"5":{"name":"daysBetween","decl":{"start":{"line":29,"column":16},"end":{"line":29,"column":28}},"loc":{"start":{"line":29,"column":58},"end":{"line":33,"column":null}},"line":29},"6":{"name":"isValidISODate","decl":{"start":{"line":37,"column":16},"end":{"line":37,"column":31}},"loc":{"start":{"line":37,"column":55},"end":{"line":40,"column":null}},"line":37}},"branchMap":{"0":{"loc":{"start":{"line":38,"column":2},"end":{"line":38,"column":null}},"type":"if","locations":[{"start":{"line":38,"column":2},"end":{"line":38,"column":null}},{"start":{},"end":{}}],"line":38}},"s":{"0":58,"1":34,"2":21,"3":22,"4":22,"5":22,"6":12,"7":4,"8":4,"9":4,"10":4,"11":21,"12":6,"13":15,"14":15},"f":{"0":58,"1":34,"2":21,"3":22,"4":12,"5":4,"6":21},"b":{"0":[6,15]},"meta":{"lastBranch":1,"lastFunction":7,"lastStatement":15,"seen":{"f:2:16:2:26":0,"s:3:2:3:Infinity":0,"f:7:16:7:32":1,"s:8:2:8:Infinity":1,"f:12:16:12:30":2,"s:13:2:13:Infinity":2,"f:17:16:17:24":3,"s:18:15:18:46":3,"s:19:2:19:Infinity":4,"s:20:2:20:Infinity":5,"f:24:16:24:29":4,"s:25:2:25:Infinity":6,"f:29:16:29:28":5,"s:30:19:30:Infinity":7,"s:31:16:31:51":8,"s:32:16:32:51":9,"s:33:2:33:Infinity":10,"f:37:16:37:31":6,"b:38:2:38:Infinity:undefined:undefined:undefined:undefined":0,"s:38:2:38:Infinity":11,"s:38:42:38:Infinity":12,"s:39:15:39:44":13,"s:40:2:40:Infinity":14}}}
,"/Users/chetachiihekwaba/Desktop/SubRadar/src/utils/ids.ts": {"path":"/Users/chetachiihekwaba/Desktop/SubRadar/src/utils/ids.ts","statementMap":{"0":{"start":{"line":2,"column":2},"end":{"line":2,"column":null}}},"fnMap":{"0":{"name":"generateId","decl":{"start":{"line":1,"column":16},"end":{"line":1,"column":37}},"loc":{"start":{"line":1,"column":37},"end":{"line":2,"column":null}},"line":1}},"branchMap":{},"s":{"0":0},"f":{"0":0},"b":{},"meta":{"lastBranch":0,"lastFunction":1,"lastStatement":1,"seen":{"f:1:16:1:37":0,"s:2:2:2:Infinity":0}}}
,"/Users/chetachiihekwaba/Desktop/SubRadar/src/utils/validation.ts": {"path":"/Users/chetachiihekwaba/Desktop/SubRadar/src/utils/validation.ts","statementMap":{"0":{"start":{"line":5,"column":27},"end":{"line":5,"column":29}},"1":{"start":{"line":7,"column":2},"end":{"line":8,"column":null}},"2":{"start":{"line":8,"column":4},"end":{"line":8,"column":null}},"3":{"start":{"line":11,"column":2},"end":{"line":12,"column":null}},"4":{"start":{"line":12,"column":4},"end":{"line":12,"column":null}},"5":{"start":{"line":15,"column":2},"end":{"line":18,"column":null}},"6":{"start":{"line":16,"column":18},"end":{"line":16,"column":null}},"7":{"start":{"line":17,"column":4},"end":{"line":18,"column":null}},"8":{"start":{"line":18,"column":6},"end":{"line":18,"column":null}},"9":{"start":{"line":22,"column":2},"end":{"line":23,"column":null}},"10":{"start":{"line":23,"column":4},"end":{"line":23,"column":null}},"11":{"start":{"line":26,"column":2},"end":{"line":26,"column":null}}},"fnMap":{"0":{"name":"validateSubscription","decl":{"start":{"line":4,"column":16},"end":{"line":4,"column":37}},"loc":{"start":{"line":4,"column":76},"end":{"line":26,"column":null}},"line":4}},"branchMap":{"0":{"loc":{"start":{"line":7,"column":2},"end":{"line":8,"column":null}},"type":"if","locations":[{"start":{"line":7,"column":2},"end":{"line":8,"column":null}},{"start":{},"end":{}}],"line":7},"1":{"loc":{"start":{"line":7,"column":6},"end":{"line":7,"column":65}},"type":"binary-expr","locations":[{"start":{"line":7,"column":6},"end":{"line":7,"column":27}},{"start":{"line":7,"column":27},"end":{"line":7,"column":65}}],"line":7},"2":{"loc":{"start":{"line":11,"column":2},"end":{"line":12,"column":null}},"type":"if","locations":[{"start":{"line":11,"column":2},"end":{"line":12,"column":null}},{"start":{},"end":{}}],"line":11},"3":{"loc":{"start":{"line":17,"column":4},"end":{"line":18,"column":null}},"type":"if","locations":[{"start":{"line":17,"column":4},"end":{"line":18,"column":null}},{"start":{},"end":{}}],"line":17},"4":{"loc":{"start":{"line":17,"column":8},"end":{"line":17,"column":39}},"type":"binary-expr","locations":[{"start":{"line":17,"column":8},"end":{"line":17,"column":17}},{"start":{"line":17,"column":17},"end":{"line":17,"column":39}}],"line":17},"5":{"loc":{"start":{"line":22,"column":2},"end":{"line":23,"column":null}},"type":"if","locations":[{"start":{"line":22,"column":2},"end":{"line":23,"column":null}},{"start":{},"end":{}}],"line":22},"6":{"loc":{"start":{"line":22,"column":6},"end":{"line":22,"column":70}},"type":"binary-expr","locations":[{"start":{"line":22,"column":6},"end":{"line":22,"column":34}},{"start":{"line":22,"column":34},"end":{"line":22,"column":50}},{"start":{"line":22,"column":54},"end":{"line":22,"column":70}}],"line":22}},"s":{"0":28,"1":28,"2":5,"3":28,"4":3,"5":28,"6":140,"7":140,"8":2,"9":28,"10":4,"11":28},"f":{"0":28},"b":{"0":[5,23],"1":[28,24],"2":[3,25],"3":[2,138],"4":[140,13],"5":[4,24],"6":[28,9,8]},"meta":{"lastBranch":7,"lastFunction":1,"lastStatement":12,"seen":{"f:4:16:4:37":0,"s:5:27:5:29":0,"b:7:2:8:Infinity:undefined:undefined:undefined:undefined":0,"s:7:2:8:Infinity":1,"b:7:6:7:27:7:27:7:65":1,"s:8:4:8:Infinity":2,"b:11:2:12:Infinity:undefined:undefined:undefined:undefined":2,"s:11:2:12:Infinity":3,"s:12:4:12:Infinity":4,"s:15:2:18:Infinity":5,"s:16:18:16:Infinity":6,"b:17:4:18:Infinity:undefined:undefined:undefined:undefined":3,"s:17:4:18:Infinity":7,"b:17:8:17:17:17:17:17:39":4,"s:18:6:18:Infinity":8,"b:22:2:23:Infinity:undefined:undefined:undefined:undefined":5,"s:22:2:23:Infinity":9,"b:22:6:22:34:22:34:22:50:22:54:22:70":6,"s:23:4:23:Infinity":10,"s:26:2:26:Infinity":11}}}
}
